# BLASTN 2.9.0+
# Query: Scer|YFL039C
# Database: ../data/blastdb/all_for_blast_genomic
# Fields: query id, subject id, % query coverage per subject, % identity, alignment length, mismatches, evalue, subject title
# 4 hits found
Scer|YFL039C	ref|NC_018297.1|	99	88.839	1120	123	0.0	Candida orthopsilosis Co 90-125, chromosome 4 draft sequence
Scer|YFL039C	ref|NC_042508.1|	98	86.980	1106	140	0.0	Pichia kudriavzevii chromosome 3, complete sequence
Scer|YFL039C	ref|NW_020289895.1|	99	85.702	1119	160	0.0	[Candida] duobushaemulonis strain B09383 chromosome Unknown B_B09383, whole genome shotgun sequence
Scer|YFL039C	ref|NW_020289902.1|	99	83.735	1119	182	0.0	[Candida] haemulonis strain B11899 chromosome Unknown B_2014730914, whole genome shotgun sequence
# BLASTN 2.9.0+
# Query: Calb|orf19.5007
# Database: ../data/blastdb/all_for_blast_genomic
# Fields: query id, subject id, % query coverage per subject, % identity, alignment length, mismatches, evalue, subject title
# 10 hits found
Calb|orf19.5007	ref|NC_018297.1|	99	92.225	1119	87	0.0	Candida orthopsilosis Co 90-125, chromosome 4 draft sequence
Calb|orf19.5007	ref|NC_042508.1|	98	88.177	1108	129	0.0	Pichia kudriavzevii chromosome 3, complete sequence
Calb|orf19.5007	ref|NW_020194441.1|	99	86.786	1120	146	0.0	[Candida] pseudohaemulonis strain B12108 chromosome Unknown scaffold00007, whole genome shotgun sequence
Calb|orf19.5007	ref|NW_020289895.1|	99	86.429	1120	150	0.0	[Candida] duobushaemulonis strain B09383 chromosome Unknown B_B09383, whole genome shotgun sequence
Calb|orf19.5007	ref|NW_020289902.1|	99	85.536	1120	160	0.0	[Candida] haemulonis strain B11899 chromosome Unknown B_2014730914, whole genome shotgun sequence
Calb|orf19.5007	ref|NW_021640162.1|	99	84.450	1119	174	0.0	[Candida] auris strain B11221 chromosome Unknown scaffold00002, whole genome shotgun sequence
Calb|orf19.5007	gb|PYGM01000105.1|	99	84.450	1119	174	0.0	[Candida] auris strain B11243 scaffold00105, whole genome shotgun sequence
Calb|orf19.5007	gb|PYFR01000105.1|	99	84.450	1119	174	0.0	[Candida] auris strain B11220 scaffold00105, whole genome shotgun sequence
Calb|orf19.5007	gb|PEKT02000001.1|	99	84.450	1119	174	0.0	[Candida] auris strain B8441 scaffold00004, whole genome shotgun sequence
Calb|orf19.5007	gb|LGST01000021.1|	99	84.450	1119	174	0.0	[Candida] auris strain 6684 Scaffold21, whole genome shotgun sequence
# BLAST processed 2 queries
