# BLASTP 2.9.0+
# Query: Cand_auris|CJI97_004172
# Database: ../data/blastdb/all_for_blast_protein
# Fields: query id, subject id, % query coverage per subject, % identity, alignment length, mismatches, evalue, subject title
# 566 hits found
Cand_auris|CJI97_004172	ref|XP_028889033.1|	100	100.000	3052	0	0.0	uncharacterized protein CJI97_004172 [[Candida] auris]
Cand_auris|CJI97_004172	gb|PSK76857.1|	100	95.839	3052	85	0.0	hypothetical protein CJJ07_003305 [[Candida] auris]
Cand_auris|CJI97_004172	gb|PIS50296.1|	83	83.811	2440	307	0.0	hypothetical protein B9J08_004109 [[Candida] auris]
Cand_auris|CJI97_004172	gb|PIS50296.1|	83	68.683	2414	574	0.0	hypothetical protein B9J08_004109 [[Candida] auris]
Cand_auris|CJI97_004172	gb|KND98977.2|	87	97.107	1348	39	0.0	hypothetical protein QG37_04037 [[Candida] auris]
Cand_auris|CJI97_004172	gb|KND98977.2|	87	63.596	1129	233	0.0	hypothetical protein QG37_04037 [[Candida] auris]
Cand_auris|CJI97_004172	gb|KND98977.2|	87	58.907	1263	430	0.0	hypothetical protein QG37_04037 [[Candida] auris]
Cand_auris|CJI97_004172	gb|KND98977.2|	87	56.912	1237	396	0.0	hypothetical protein QG37_04037 [[Candida] auris]
Cand_auris|CJI97_004172	gb|KND98977.2|	87	54.329	1132	428	0.0	hypothetical protein QG37_04037 [[Candida] auris]
Cand_auris|CJI97_004172	gb|KND98977.2|	87	40.625	640	305	1.86e-66	hypothetical protein QG37_04037 [[Candida] auris]
Cand_auris|CJI97_004172	ref|XP_025334498.1|	83	57.332	2721	935	0.0	uncharacterized protein CXQ87_001664 [[Candida] duobushaemulonis]
Cand_auris|CJI97_004172	ref|XP_024713121.1|	94	55.643	2782	947	0.0	hypothetical protein C7M61_003292 [[Candida] pseudohaemulonis]
Cand_auris|CJI97_004172	ref|XP_024713121.1|	94	58.558	2565	861	0.0	hypothetical protein C7M61_003292 [[Candida] pseudohaemulonis]
Cand_auris|CJI97_004172	ref|XP_024713121.1|	94	75.831	331	80	2.57e-156	hypothetical protein C7M61_003292 [[Candida] pseudohaemulonis]
Cand_auris|CJI97_004172	ref|XP_025344407.1|	93	54.399	2671	950	0.0	hypothetical protein CXQ85_003757 [[Candida] haemulonis]
Cand_auris|CJI97_004172	ref|XP_025344407.1|	93	77.500	320	70	1.00e-154	hypothetical protein CXQ85_003757 [[Candida] haemulonis]
Cand_auris|CJI97_004172	ref|XP_025344416.1|	79	50.854	2342	804	0.0	hypothetical protein CXQ85_003766 [[Candida] haemulonis]
Cand_auris|CJI97_004172	ref|XP_025344416.1|	79	81.424	323	60	9.44e-166	hypothetical protein CXQ85_003766 [[Candida] haemulonis]
Cand_auris|CJI97_004172	gb|PIS49865.1|	82	71.910	1157	269	0.0	hypothetical protein B9J08_004892 [[Candida] auris]
Cand_auris|CJI97_004172	gb|PIS49865.1|	82	67.836	1169	313	0.0	hypothetical protein B9J08_004892 [[Candida] auris]
Cand_auris|CJI97_004172	gb|PIS49865.1|	82	67.096	1164	303	0.0	hypothetical protein B9J08_004892 [[Candida] auris]
Cand_auris|CJI97_004172	gb|PIS49865.1|	82	64.696	1167	354	0.0	hypothetical protein B9J08_004892 [[Candida] auris]
Cand_auris|CJI97_004172	gb|PIS49865.1|	82	64.007	1178	344	0.0	hypothetical protein B9J08_004892 [[Candida] auris]
Cand_auris|CJI97_004172	gb|PIS49865.1|	82	62.837	1149	390	0.0	hypothetical protein B9J08_004892 [[Candida] auris]
Cand_auris|CJI97_004172	gb|PIS49865.1|	82	55.511	1261	441	0.0	hypothetical protein B9J08_004892 [[Candida] auris]
Cand_auris|CJI97_004172	ref|XP_025343300.1|	82	53.895	1874	690	0.0	hypothetical protein CXQ85_004928 [[Candida] haemulonis]
Cand_auris|CJI97_004172	ref|XP_025343300.1|	82	52.668	1743	624	0.0	hypothetical protein CXQ85_004928 [[Candida] haemulonis]
Cand_auris|CJI97_004172	ref|XP_025343300.1|	82	50.384	1955	734	0.0	hypothetical protein CXQ85_004928 [[Candida] haemulonis]
Cand_auris|CJI97_004172	ref|XP_028888611.1|	73	66.579	1137	277	0.0	uncharacterized protein CJI97_004560 [[Candida] auris]
Cand_auris|CJI97_004172	ref|XP_028888611.1|	73	59.725	1162	366	0.0	uncharacterized protein CJI97_004560 [[Candida] auris]
Cand_auris|CJI97_004172	ref|XP_028888611.1|	73	53.221	1242	441	0.0	uncharacterized protein CJI97_004560 [[Candida] auris]
Cand_auris|CJI97_004172	ref|XP_028888611.1|	73	82.875	327	56	3.82e-174	uncharacterized protein CJI97_004560 [[Candida] auris]
Cand_auris|CJI97_004172	gb|KND96933.2|	83	71.214	997	231	0.0	hypothetical protein QG37_06624 [[Candida] auris]
Cand_auris|CJI97_004172	gb|KND96933.2|	83	67.195	1009	268	0.0	hypothetical protein QG37_06624 [[Candida] auris]
Cand_auris|CJI97_004172	gb|KND96933.2|	83	61.531	1006	322	0.0	hypothetical protein QG37_06624 [[Candida] auris]
Cand_auris|CJI97_004172	gb|KND96933.2|	83	60.936	983	347	0.0	hypothetical protein QG37_06624 [[Candida] auris]
Cand_auris|CJI97_004172	gb|KND96933.2|	83	60.324	988	355	0.0	hypothetical protein QG37_06624 [[Candida] auris]
Cand_auris|CJI97_004172	gb|KND96933.2|	83	60.202	990	357	0.0	hypothetical protein QG37_06624 [[Candida] auris]
Cand_auris|CJI97_004172	gb|KND96933.2|	83	59.350	984	363	0.0	hypothetical protein QG37_06624 [[Candida] auris]
Cand_auris|CJI97_004172	gb|KND96933.2|	83	53.223	1086	404	7.33e-179	hypothetical protein QG37_06624 [[Candida] auris]
Cand_auris|CJI97_004172	gb|PSK74847.1|	76	73.724	921	206	0.0	hypothetical protein CJJ07_005382 [[Candida] auris]
Cand_auris|CJI97_004172	gb|PSK74847.1|	76	63.786	914	251	0.0	hypothetical protein CJJ07_005382 [[Candida] auris]
Cand_auris|CJI97_004172	gb|PSK74847.1|	76	62.971	902	275	0.0	hypothetical protein CJJ07_005382 [[Candida] auris]
Cand_auris|CJI97_004172	gb|PSK74847.1|	76	59.481	886	322	1.60e-179	hypothetical protein CJJ07_005382 [[Candida] auris]
Cand_auris|CJI97_004172	gb|PSK74847.1|	76	83.486	327	54	2.76e-176	hypothetical protein CJJ07_005382 [[Candida] auris]
Cand_auris|CJI97_004172	gb|PSK74847.1|	76	56.346	914	335	6.11e-162	hypothetical protein CJJ07_005382 [[Candida] auris]
Cand_auris|CJI97_004172	gb|PSK74847.1|	76	51.490	973	380	1.02e-134	hypothetical protein CJJ07_005382 [[Candida] auris]
Cand_auris|CJI97_004172	ref|XP_025343629.1|	74	44.647	2354	1025	0.0	hypothetical protein CXQ85_005263 [[Candida] haemulonis]
Cand_auris|CJI97_004172	ref|XP_025343629.1|	74	43.271	2348	1043	0.0	hypothetical protein CXQ85_005263 [[Candida] haemulonis]
Cand_auris|CJI97_004172	ref|XP_025343629.1|	74	42.690	2387	1005	0.0	hypothetical protein CXQ85_005263 [[Candida] haemulonis]
Cand_auris|CJI97_004172	ref|XP_025343629.1|	74	42.742	2115	897	0.0	hypothetical protein CXQ85_005263 [[Candida] haemulonis]
Cand_auris|CJI97_004172	ref|XP_025343629.1|	74	42.644	1876	856	7.06e-178	hypothetical protein CXQ85_005263 [[Candida] haemulonis]
Cand_auris|CJI97_004172	gb|PIS58185.1|	75	44.630	2160	1022	0.0	hypothetical protein B9J08_000675 [[Candida] auris]
Cand_auris|CJI97_004172	gb|PIS58185.1|	75	44.013	2138	1032	0.0	hypothetical protein B9J08_000675 [[Candida] auris]
Cand_auris|CJI97_004172	gb|PIS58185.1|	75	44.177	2078	1009	0.0	hypothetical protein B9J08_000675 [[Candida] auris]
Cand_auris|CJI97_004172	gb|PIS58185.1|	75	43.036	2075	1013	0.0	hypothetical protein B9J08_000675 [[Candida] auris]
Cand_auris|CJI97_004172	ref|XP_024712318.1|	88	53.713	1387	484	0.0	hypothetical protein C7M61_004327 [[Candida] pseudohaemulonis]
Cand_auris|CJI97_004172	ref|XP_024712318.1|	88	49.934	1524	585	0.0	hypothetical protein C7M61_004327 [[Candida] pseudohaemulonis]
Cand_auris|CJI97_004172	ref|XP_024712318.1|	88	46.226	1060	476	2.32e-124	hypothetical protein C7M61_004327 [[Candida] pseudohaemulonis]
Cand_auris|CJI97_004172	ref|XP_024712318.1|	88	57.227	339	145	2.92e-119	hypothetical protein C7M61_004327 [[Candida] pseudohaemulonis]
Cand_auris|CJI97_004172	ref|XP_024712318.1|	88	40.632	443	214	1.39e-49	hypothetical protein C7M61_004327 [[Candida] pseudohaemulonis]
Cand_auris|CJI97_004172	ref|XP_024712318.1|	88	46.341	41	21	0.008	hypothetical protein C7M61_004327 [[Candida] pseudohaemulonis]
Cand_auris|CJI97_004172	ref|XP_024712318.1|	88	62.500	32	12	0.79	hypothetical protein C7M61_004327 [[Candida] pseudohaemulonis]
Cand_auris|CJI97_004172	ref|XP_025335682.1|	80	47.826	1472	582	0.0	uncharacterized protein CXQ87_005018 [[Candida] duobushaemulonis]
Cand_auris|CJI97_004172	ref|XP_025335682.1|	80	74.848	330	81	3.20e-152	uncharacterized protein CXQ87_005018 [[Candida] duobushaemulonis]
Cand_auris|CJI97_004172	ref|XP_025335682.1|	80	45.637	848	349	2.64e-98	uncharacterized protein CXQ87_005018 [[Candida] duobushaemulonis]
Cand_auris|CJI97_004172	ref|XP_024716365.1|	91	38.519	2012	1040	0.0	hypothetical protein C7M61_001353 [[Candida] pseudohaemulonis]
Cand_auris|CJI97_004172	ref|XP_024716365.1|	91	39.208	1918	983	4.55e-179	hypothetical protein C7M61_001353 [[Candida] pseudohaemulonis]
Cand_auris|CJI97_004172	ref|XP_024716365.1|	91	62.403	258	96	3.51e-102	hypothetical protein C7M61_001353 [[Candida] pseudohaemulonis]
Cand_auris|CJI97_004172	ref|XP_024716365.1|	91	33.974	156	69	0.22	hypothetical protein C7M61_001353 [[Candida] pseudohaemulonis]
Cand_auris|CJI97_004172	ref|XP_024716365.1|	91	29.717	212	121	1.2	hypothetical protein C7M61_001353 [[Candida] pseudohaemulonis]
Cand_auris|CJI97_004172	ref|XP_025338053.1|	72	50.100	1507	641	4.15e-179	uncharacterized protein CXQ87_004674 [[Candida] duobushaemulonis]
Cand_auris|CJI97_004172	ref|XP_025338053.1|	72	51.655	1390	580	4.68e-159	uncharacterized protein CXQ87_004674 [[Candida] duobushaemulonis]
Cand_auris|CJI97_004172	ref|XP_025338053.1|	72	52.426	1360	569	2.01e-158	uncharacterized protein CXQ87_004674 [[Candida] duobushaemulonis]
Cand_auris|CJI97_004172	ref|XP_025338053.1|	72	60.000	345	136	8.17e-121	uncharacterized protein CXQ87_004674 [[Candida] duobushaemulonis]
Cand_auris|CJI97_004172	ref|XP_024711351.1|	72	49.686	1274	448	5.99e-163	hypothetical protein C7M61_005119 [[Candida] pseudohaemulonis]
Cand_auris|CJI97_004172	ref|XP_024711351.1|	72	54.916	1129	416	2.36e-154	hypothetical protein C7M61_005119 [[Candida] pseudohaemulonis]
Cand_auris|CJI97_004172	ref|XP_024711351.1|	72	55.122	1152	446	7.01e-152	hypothetical protein C7M61_005119 [[Candida] pseudohaemulonis]
Cand_auris|CJI97_004172	ref|XP_024711351.1|	72	55.867	1142	428	1.39e-149	hypothetical protein C7M61_005119 [[Candida] pseudohaemulonis]
Cand_auris|CJI97_004172	ref|XP_024711351.1|	72	59.226	336	135	2.39e-127	hypothetical protein C7M61_005119 [[Candida] pseudohaemulonis]
Cand_auris|CJI97_004172	ref|XP_025341971.1|	85	47.713	656	270	4.44e-150	hypothetical protein CXQ85_004549 [[Candida] haemulonis]
Cand_auris|CJI97_004172	ref|XP_025341971.1|	85	28.339	307	131	2.48e-15	hypothetical protein CXQ85_004549 [[Candida] haemulonis]
Cand_auris|CJI97_004172	ref|XP_025341971.1|	85	50.376	133	57	8.09e-15	hypothetical protein CXQ85_004549 [[Candida] haemulonis]
Cand_auris|CJI97_004172	ref|XP_025341971.1|	85	50.376	133	57	3.22e-14	hypothetical protein CXQ85_004549 [[Candida] haemulonis]
Cand_auris|CJI97_004172	ref|XP_025341971.1|	85	51.880	133	55	6.93e-14	hypothetical protein CXQ85_004549 [[Candida] haemulonis]
Cand_auris|CJI97_004172	ref|XP_025341971.1|	85	51.128	133	56	1.24e-13	hypothetical protein CXQ85_004549 [[Candida] haemulonis]
Cand_auris|CJI97_004172	ref|XP_025341971.1|	85	48.872	133	59	7.97e-13	hypothetical protein CXQ85_004549 [[Candida] haemulonis]
Cand_auris|CJI97_004172	ref|XP_025341971.1|	85	48.120	133	60	2.49e-12	hypothetical protein CXQ85_004549 [[Candida] haemulonis]
Cand_auris|CJI97_004172	ref|XP_025341971.1|	85	47.727	132	60	4.05e-12	hypothetical protein CXQ85_004549 [[Candida] haemulonis]
Cand_auris|CJI97_004172	ref|XP_025341971.1|	85	46.617	133	62	8.34e-12	hypothetical protein CXQ85_004549 [[Candida] haemulonis]
Cand_auris|CJI97_004172	ref|XP_025341971.1|	85	46.970	132	61	8.85e-12	hypothetical protein CXQ85_004549 [[Candida] haemulonis]
Cand_auris|CJI97_004172	ref|XP_025341971.1|	85	48.485	132	59	9.47e-12	hypothetical protein CXQ85_004549 [[Candida] haemulonis]
Cand_auris|CJI97_004172	ref|XP_025341971.1|	85	45.578	147	55	1.03e-11	hypothetical protein CXQ85_004549 [[Candida] haemulonis]
Cand_auris|CJI97_004172	ref|XP_025341971.1|	85	46.970	132	61	6.47e-11	hypothetical protein CXQ85_004549 [[Candida] haemulonis]
Cand_auris|CJI97_004172	ref|XP_025341971.1|	85	48.120	133	60	1.29e-10	hypothetical protein CXQ85_004549 [[Candida] haemulonis]
Cand_auris|CJI97_004172	ref|XP_025341971.1|	85	48.276	145	65	2.70e-10	hypothetical protein CXQ85_004549 [[Candida] haemulonis]
Cand_auris|CJI97_004172	ref|XP_025341971.1|	85	47.328	131	60	9.01e-10	hypothetical protein CXQ85_004549 [[Candida] haemulonis]
Cand_auris|CJI97_004172	ref|XP_025341971.1|	85	44.595	148	67	1.08e-08	hypothetical protein CXQ85_004549 [[Candida] haemulonis]
Cand_auris|CJI97_004172	ref|XP_025341971.1|	85	45.455	132	63	2.23e-08	hypothetical protein CXQ85_004549 [[Candida] haemulonis]
Cand_auris|CJI97_004172	ref|XP_025341971.1|	85	48.739	119	50	1.33e-07	hypothetical protein CXQ85_004549 [[Candida] haemulonis]
Cand_auris|CJI97_004172	ref|XP_025341971.1|	85	42.149	121	58	5.29e-07	hypothetical protein CXQ85_004549 [[Candida] haemulonis]
Cand_auris|CJI97_004172	ref|XP_025344601.1|	75	72.086	326	91	4.16e-141	hypothetical protein CXQ85_003952 [[Candida] haemulonis]
Cand_auris|CJI97_004172	ref|XP_025344601.1|	75	50.985	812	317	3.00e-90	hypothetical protein CXQ85_003952 [[Candida] haemulonis]
Cand_auris|CJI97_004172	ref|XP_025344601.1|	75	53.373	830	292	3.06e-90	hypothetical protein CXQ85_003952 [[Candida] haemulonis]
Cand_auris|CJI97_004172	ref|XP_025344601.1|	75	52.632	836	299	1.95e-88	hypothetical protein CXQ85_003952 [[Candida] haemulonis]
Cand_auris|CJI97_004172	ref|XP_025344601.1|	75	49.146	820	342	8.50e-80	hypothetical protein CXQ85_003952 [[Candida] haemulonis]
Cand_auris|CJI97_004172	ref|XP_025344601.1|	75	42.458	895	389	1.93e-75	hypothetical protein CXQ85_003952 [[Candida] haemulonis]
Cand_auris|CJI97_004172	gb|PSK79346.1|	85	64.350	331	115	1.03e-140	hypothetical protein CJJ07_000849 [[Candida] auris]
Cand_auris|CJI97_004172	gb|PSK79346.1|	85	49.483	871	348	4.33e-92	hypothetical protein CJJ07_000849 [[Candida] auris]
Cand_auris|CJI97_004172	gb|PSK79346.1|	85	49.175	848	359	4.83e-87	hypothetical protein CJJ07_000849 [[Candida] auris]
Cand_auris|CJI97_004172	gb|PSK79346.1|	85	49.538	866	355	9.51e-85	hypothetical protein CJJ07_000849 [[Candida] auris]
Cand_auris|CJI97_004172	gb|PSK79346.1|	85	48.391	808	333	1.78e-84	hypothetical protein CJJ07_000849 [[Candida] auris]
Cand_auris|CJI97_004172	gb|PSK79346.1|	85	48.753	802	335	1.28e-83	hypothetical protein CJJ07_000849 [[Candida] auris]
Cand_auris|CJI97_004172	gb|PSK79346.1|	85	49.628	806	326	2.73e-82	hypothetical protein CJJ07_000849 [[Candida] auris]
Cand_auris|CJI97_004172	gb|PSK79346.1|	85	47.552	858	350	2.43e-81	hypothetical protein CJJ07_000849 [[Candida] auris]
Cand_auris|CJI97_004172	gb|PSK79346.1|	85	47.658	854	347	9.30e-80	hypothetical protein CJJ07_000849 [[Candida] auris]
Cand_auris|CJI97_004172	gb|PSK79346.1|	85	42.522	896	406	5.54e-78	hypothetical protein CJJ07_000849 [[Candida] auris]
Cand_auris|CJI97_004172	gb|PSK79346.1|	85	46.066	877	341	7.86e-77	hypothetical protein CJJ07_000849 [[Candida] auris]
Cand_auris|CJI97_004172	gb|PSK79346.1|	85	46.145	830	339	3.87e-76	hypothetical protein CJJ07_000849 [[Candida] auris]
Cand_auris|CJI97_004172	gb|PIS52481.1|	85	64.350	331	115	1.11e-140	hypothetical protein B9J08_004098 [[Candida] auris]
Cand_auris|CJI97_004172	gb|PIS52481.1|	85	49.483	871	348	6.27e-92	hypothetical protein B9J08_004098 [[Candida] auris]
Cand_auris|CJI97_004172	gb|PIS52481.1|	85	48.996	847	362	6.27e-87	hypothetical protein B9J08_004098 [[Candida] auris]
Cand_auris|CJI97_004172	gb|PIS52481.1|	85	49.481	867	354	1.86e-84	hypothetical protein B9J08_004098 [[Candida] auris]
Cand_auris|CJI97_004172	gb|PIS52481.1|	85	48.391	808	333	2.66e-84	hypothetical protein B9J08_004098 [[Candida] auris]
Cand_auris|CJI97_004172	gb|PIS52481.1|	85	48.753	802	335	1.47e-83	hypothetical protein B9J08_004098 [[Candida] auris]
Cand_auris|CJI97_004172	gb|PIS52481.1|	85	49.690	807	324	3.33e-82	hypothetical protein B9J08_004098 [[Candida] auris]
Cand_auris|CJI97_004172	gb|PIS52481.1|	85	47.614	859	348	2.66e-81	hypothetical protein B9J08_004098 [[Candida] auris]
Cand_auris|CJI97_004172	gb|PIS52481.1|	85	47.719	855	345	1.17e-79	hypothetical protein B9J08_004098 [[Candida] auris]
Cand_auris|CJI97_004172	gb|PIS52481.1|	85	42.299	896	408	4.26e-77	hypothetical protein B9J08_004098 [[Candida] auris]
Cand_auris|CJI97_004172	gb|PIS52481.1|	85	45.952	877	342	2.05e-76	hypothetical protein B9J08_004098 [[Candida] auris]
Cand_auris|CJI97_004172	gb|PIS52481.1|	85	45.046	868	369	4.62e-76	hypothetical protein B9J08_004098 [[Candida] auris]
Cand_auris|CJI97_004172	ref|XP_025342839.1|	78	59.640	389	150	2.09e-140	hypothetical protein CXQ85_004563 [[Candida] haemulonis]
Cand_auris|CJI97_004172	ref|XP_025342839.1|	78	49.250	867	347	2.83e-110	hypothetical protein CXQ85_004563 [[Candida] haemulonis]
Cand_auris|CJI97_004172	ref|XP_025342839.1|	78	51.111	765	293	3.79e-93	hypothetical protein CXQ85_004563 [[Candida] haemulonis]
Cand_auris|CJI97_004172	ref|XP_025342839.1|	78	55.333	750	265	6.22e-91	hypothetical protein CXQ85_004563 [[Candida] haemulonis]
Cand_auris|CJI97_004172	ref|XP_025342839.1|	78	52.926	752	286	5.71e-83	hypothetical protein CXQ85_004563 [[Candida] haemulonis]
Cand_auris|CJI97_004172	ref|XP_025342839.1|	78	53.315	739	281	8.20e-81	hypothetical protein CXQ85_004563 [[Candida] haemulonis]
Cand_auris|CJI97_004172	ref|XP_025342839.1|	78	46.083	434	171	1.44e-25	hypothetical protein CXQ85_004563 [[Candida] haemulonis]
Cand_auris|CJI97_004172	ref|XP_024713119.1|	92	64.198	324	116	5.43e-139	hypothetical protein C7M61_003290 [[Candida] pseudohaemulonis]
Cand_auris|CJI97_004172	ref|XP_024713119.1|	92	51.872	187	66	1.39e-26	hypothetical protein C7M61_003290 [[Candida] pseudohaemulonis]
Cand_auris|CJI97_004172	ref|XP_024713119.1|	92	47.872	188	74	5.47e-25	hypothetical protein C7M61_003290 [[Candida] pseudohaemulonis]
Cand_auris|CJI97_004172	ref|XP_024713119.1|	92	43.981	216	91	5.07e-24	hypothetical protein C7M61_003290 [[Candida] pseudohaemulonis]
Cand_auris|CJI97_004172	ref|XP_024713119.1|	92	45.545	202	70	4.36e-23	hypothetical protein C7M61_003290 [[Candida] pseudohaemulonis]
Cand_auris|CJI97_004172	ref|XP_024713119.1|	92	44.920	187	80	1.24e-22	hypothetical protein C7M61_003290 [[Candida] pseudohaemulonis]
Cand_auris|CJI97_004172	ref|XP_024713119.1|	92	46.032	189	77	2.01e-22	hypothetical protein C7M61_003290 [[Candida] pseudohaemulonis]
Cand_auris|CJI97_004172	ref|XP_024713119.1|	92	47.525	202	76	7.44e-22	hypothetical protein C7M61_003290 [[Candida] pseudohaemulonis]
Cand_auris|CJI97_004172	ref|XP_024713119.1|	92	45.550	191	56	4.57e-21	hypothetical protein C7M61_003290 [[Candida] pseudohaemulonis]
Cand_auris|CJI97_004172	ref|XP_024713119.1|	92	45.355	183	70	5.06e-21	hypothetical protein C7M61_003290 [[Candida] pseudohaemulonis]
Cand_auris|CJI97_004172	ref|XP_024713119.1|	92	42.654	211	90	1.16e-20	hypothetical protein C7M61_003290 [[Candida] pseudohaemulonis]
Cand_auris|CJI97_004172	ref|XP_024713119.1|	92	43.850	187	81	2.33e-19	hypothetical protein C7M61_003290 [[Candida] pseudohaemulonis]
Cand_auris|CJI97_004172	ref|XP_024713119.1|	92	31.092	357	172	8.90e-18	hypothetical protein C7M61_003290 [[Candida] pseudohaemulonis]
Cand_auris|CJI97_004172	ref|XP_024713119.1|	92	41.398	186	86	2.09e-17	hypothetical protein C7M61_003290 [[Candida] pseudohaemulonis]
Cand_auris|CJI97_004172	ref|XP_024713119.1|	92	43.503	177	77	8.59e-17	hypothetical protein C7M61_003290 [[Candida] pseudohaemulonis]
Cand_auris|CJI97_004172	ref|XP_024713119.1|	92	37.849	251	123	1.97e-15	hypothetical protein C7M61_003290 [[Candida] pseudohaemulonis]
Cand_auris|CJI97_004172	ref|XP_024713119.1|	92	37.052	251	116	2.14e-13	hypothetical protein C7M61_003290 [[Candida] pseudohaemulonis]
Cand_auris|CJI97_004172	ref|XP_024713119.1|	92	35.593	177	84	1.66e-11	hypothetical protein C7M61_003290 [[Candida] pseudohaemulonis]
Cand_auris|CJI97_004172	ref|XP_024713119.1|	92	41.935	124	58	2.01e-10	hypothetical protein C7M61_003290 [[Candida] pseudohaemulonis]
Cand_auris|CJI97_004172	ref|XP_024713119.1|	92	36.364	198	79	2.03e-10	hypothetical protein C7M61_003290 [[Candida] pseudohaemulonis]
Cand_auris|CJI97_004172	ref|XP_025337653.1|	16	56.968	409	160	6.36e-139	uncharacterized protein CXQ87_005009 [[Candida] duobushaemulonis]
Cand_auris|CJI97_004172	ref|XP_025337653.1|	16	42.857	70	35	1.00e-04	uncharacterized protein CXQ87_005009 [[Candida] duobushaemulonis]
Cand_auris|CJI97_004172	ref|XP_025334500.1|	87	64.198	324	116	6.21e-137	uncharacterized protein CXQ87_001666 [[Candida] duobushaemulonis]
Cand_auris|CJI97_004172	ref|XP_025334500.1|	87	56.064	437	122	7.47e-92	uncharacterized protein CXQ87_001666 [[Candida] duobushaemulonis]
Cand_auris|CJI97_004172	ref|XP_025334500.1|	87	56.325	419	117	8.62e-91	uncharacterized protein CXQ87_001666 [[Candida] duobushaemulonis]
Cand_auris|CJI97_004172	ref|XP_025334500.1|	87	54.861	432	122	2.43e-90	uncharacterized protein CXQ87_001666 [[Candida] duobushaemulonis]
Cand_auris|CJI97_004172	ref|XP_025334500.1|	87	56.971	416	92	1.27e-89	uncharacterized protein CXQ87_001666 [[Candida] duobushaemulonis]
Cand_auris|CJI97_004172	ref|XP_025334500.1|	87	59.635	384	96	1.75e-89	uncharacterized protein CXQ87_001666 [[Candida] duobushaemulonis]
Cand_auris|CJI97_004172	ref|XP_025334500.1|	87	54.907	428	129	1.30e-87	uncharacterized protein CXQ87_001666 [[Candida] duobushaemulonis]
Cand_auris|CJI97_004172	ref|XP_025334500.1|	87	51.402	428	144	1.58e-83	uncharacterized protein CXQ87_001666 [[Candida] duobushaemulonis]
Cand_auris|CJI97_004172	ref|XP_025334500.1|	87	51.522	427	142	2.52e-81	uncharacterized protein CXQ87_001666 [[Candida] duobushaemulonis]
Cand_auris|CJI97_004172	ref|XP_025334500.1|	87	51.282	429	144	3.74e-81	uncharacterized protein CXQ87_001666 [[Candida] duobushaemulonis]
Cand_auris|CJI97_004172	ref|XP_025334500.1|	87	53.318	422	132	8.55e-80	uncharacterized protein CXQ87_001666 [[Candida] duobushaemulonis]
Cand_auris|CJI97_004172	ref|XP_025334500.1|	87	50.820	427	145	7.71e-79	uncharacterized protein CXQ87_001666 [[Candida] duobushaemulonis]
Cand_auris|CJI97_004172	ref|XP_025334500.1|	87	50.557	449	154	2.09e-78	uncharacterized protein CXQ87_001666 [[Candida] duobushaemulonis]
Cand_auris|CJI97_004172	ref|XP_025334500.1|	87	50.583	429	147	6.82e-78	uncharacterized protein CXQ87_001666 [[Candida] duobushaemulonis]
Cand_auris|CJI97_004172	ref|XP_025334500.1|	87	52.865	384	122	4.41e-76	uncharacterized protein CXQ87_001666 [[Candida] duobushaemulonis]
Cand_auris|CJI97_004172	ref|XP_025334500.1|	87	48.832	428	155	5.47e-75	uncharacterized protein CXQ87_001666 [[Candida] duobushaemulonis]
Cand_auris|CJI97_004172	ref|XP_025334500.1|	87	46.359	412	143	7.31e-60	uncharacterized protein CXQ87_001666 [[Candida] duobushaemulonis]
Cand_auris|CJI97_004172	ref|XP_025334500.1|	87	45.351	441	172	1.65e-59	uncharacterized protein CXQ87_001666 [[Candida] duobushaemulonis]
Cand_auris|CJI97_004172	ref|XP_025334500.1|	87	45.022	462	186	1.62e-57	uncharacterized protein CXQ87_001666 [[Candida] duobushaemulonis]
Cand_auris|CJI97_004172	ref|XP_025334500.1|	87	45.499	411	169	2.99e-57	uncharacterized protein CXQ87_001666 [[Candida] duobushaemulonis]
Cand_auris|CJI97_004172	ref|XP_025334500.1|	87	36.304	606	277	5.24e-54	uncharacterized protein CXQ87_001666 [[Candida] duobushaemulonis]
Cand_auris|CJI97_004172	ref|XP_024712323.1|	13	63.190	326	118	7.85e-132	hypothetical protein C7M61_004332 [[Candida] pseudohaemulonis]
Cand_auris|CJI97_004172	ref|XP_024712323.1|	13	44.118	68	33	4.36e-06	hypothetical protein C7M61_004332 [[Candida] pseudohaemulonis]
Cand_auris|CJI97_004172	gb|PSK79348.1|	10	66.881	311	103	1.29e-131	hypothetical protein CJJ07_000851 [[Candida] auris]
Cand_auris|CJI97_004172	gb|PIS52483.1|	10	66.881	311	103	2.24e-131	hypothetical protein B9J08_004100 [[Candida] auris]
Cand_auris|CJI97_004172	ref|XP_028887965.1|	10	66.881	311	103	3.72e-131	uncharacterized protein CJI97_005649 [[Candida] auris]
Cand_auris|CJI97_004172	ref|XP_025337648.1|	35	45.195	666	298	1.84e-130	uncharacterized protein CXQ87_005004 [[Candida] duobushaemulonis]
Cand_auris|CJI97_004172	ref|XP_025337648.1|	35	26.904	394	222	0.11	uncharacterized protein CXQ87_005004 [[Candida] duobushaemulonis]
Cand_auris|CJI97_004172	ref|XP_025337648.1|	35	67.742	31	10	0.32	uncharacterized protein CXQ87_005004 [[Candida] duobushaemulonis]
Cand_auris|CJI97_004172	ref|XP_025337648.1|	35	61.290	31	12	1.6	uncharacterized protein CXQ87_005004 [[Candida] duobushaemulonis]
Cand_auris|CJI97_004172	ref|XP_025337648.1|	35	62.162	37	14	8.2	uncharacterized protein CXQ87_005004 [[Candida] duobushaemulonis]
Cand_auris|CJI97_004172	ref|XP_025335995.1|	16	60.472	339	132	4.12e-129	uncharacterized protein CXQ87_005334 [[Candida] duobushaemulonis]
Cand_auris|CJI97_004172	ref|XP_025335995.1|	16	30.323	155	62	2.25e-06	uncharacterized protein CXQ87_005334 [[Candida] duobushaemulonis]
Cand_auris|CJI97_004172	ref|XP_025335681.1|	87	50.909	880	392	3.47e-126	uncharacterized protein CXQ87_005017 [[Candida] duobushaemulonis]
Cand_auris|CJI97_004172	ref|XP_025335681.1|	87	50.114	880	399	5.16e-126	uncharacterized protein CXQ87_005017 [[Candida] duobushaemulonis]
Cand_auris|CJI97_004172	ref|XP_025335681.1|	87	47.324	953	470	2.15e-125	uncharacterized protein CXQ87_005017 [[Candida] duobushaemulonis]
Cand_auris|CJI97_004172	ref|XP_025335681.1|	87	46.749	969	472	1.21e-119	uncharacterized protein CXQ87_005017 [[Candida] duobushaemulonis]
Cand_auris|CJI97_004172	ref|XP_025335681.1|	87	46.653	956	421	1.48e-116	uncharacterized protein CXQ87_005017 [[Candida] duobushaemulonis]
Cand_auris|CJI97_004172	ref|XP_025335681.1|	87	49.716	881	372	5.48e-115	uncharacterized protein CXQ87_005017 [[Candida] duobushaemulonis]
Cand_auris|CJI97_004172	ref|XP_025335681.1|	87	45.693	952	367	7.57e-108	uncharacterized protein CXQ87_005017 [[Candida] duobushaemulonis]
Cand_auris|CJI97_004172	ref|XP_025335681.1|	87	32.950	261	100	0.033	uncharacterized protein CXQ87_005017 [[Candida] duobushaemulonis]
Cand_auris|CJI97_004172	gb|PSK76858.1|	71	64.762	315	111	1.13e-125	hypothetical protein CJJ07_003306 [[Candida] auris]
Cand_auris|CJI97_004172	gb|PSK76858.1|	71	52.113	71	31	3.01e-07	hypothetical protein CJJ07_003306 [[Candida] auris]
Cand_auris|CJI97_004172	gb|PSK76858.1|	71	29.600	250	139	3.30e-07	hypothetical protein CJJ07_003306 [[Candida] auris]
Cand_auris|CJI97_004172	gb|PSK76858.1|	71	39.259	135	56	4.23e-06	hypothetical protein CJJ07_003306 [[Candida] auris]
Cand_auris|CJI97_004172	gb|PSK76858.1|	71	55.556	72	31	4.26e-06	hypothetical protein CJJ07_003306 [[Candida] auris]
Cand_auris|CJI97_004172	gb|PSK76858.1|	71	39.344	122	63	1.75e-05	hypothetical protein CJJ07_003306 [[Candida] auris]
Cand_auris|CJI97_004172	gb|PSK76858.1|	71	38.519	135	57	1.85e-05	hypothetical protein CJJ07_003306 [[Candida] auris]
Cand_auris|CJI97_004172	gb|PSK76858.1|	71	50.000	78	36	2.47e-05	hypothetical protein CJJ07_003306 [[Candida] auris]
Cand_auris|CJI97_004172	gb|PSK76858.1|	71	36.567	134	59	5.54e-05	hypothetical protein CJJ07_003306 [[Candida] auris]
Cand_auris|CJI97_004172	gb|PSK76858.1|	71	48.315	89	41	6.91e-05	hypothetical protein CJJ07_003306 [[Candida] auris]
Cand_auris|CJI97_004172	gb|PSK76858.1|	71	44.318	88	41	1.37e-04	hypothetical protein CJJ07_003306 [[Candida] auris]
Cand_auris|CJI97_004172	gb|PSK76858.1|	71	37.037	135	59	2.03e-04	hypothetical protein CJJ07_003306 [[Candida] auris]
Cand_auris|CJI97_004172	gb|PSK76858.1|	71	65.909	44	15	5.03e-04	hypothetical protein CJJ07_003306 [[Candida] auris]
Cand_auris|CJI97_004172	gb|PSK76858.1|	71	42.105	76	39	0.002	hypothetical protein CJJ07_003306 [[Candida] auris]
Cand_auris|CJI97_004172	gb|PSK76858.1|	71	36.567	134	57	0.003	hypothetical protein CJJ07_003306 [[Candida] auris]
Cand_auris|CJI97_004172	gb|PSK76858.1|	71	38.686	137	54	0.003	hypothetical protein CJJ07_003306 [[Candida] auris]
Cand_auris|CJI97_004172	gb|PSK76858.1|	71	63.636	44	16	0.004	hypothetical protein CJJ07_003306 [[Candida] auris]
Cand_auris|CJI97_004172	gb|PSK76858.1|	71	47.619	63	32	0.004	hypothetical protein CJJ07_003306 [[Candida] auris]
Cand_auris|CJI97_004172	gb|PSK76858.1|	71	43.210	81	33	0.005	hypothetical protein CJJ07_003306 [[Candida] auris]
Cand_auris|CJI97_004172	gb|PSK76858.1|	71	32.877	146	81	0.008	hypothetical protein CJJ07_003306 [[Candida] auris]
Cand_auris|CJI97_004172	gb|PSK76858.1|	71	59.091	44	18	0.016	hypothetical protein CJJ07_003306 [[Candida] auris]
Cand_auris|CJI97_004172	gb|PSK76858.1|	71	42.045	88	44	0.51	hypothetical protein CJJ07_003306 [[Candida] auris]
Cand_auris|CJI97_004172	ref|XP_024711259.1|	16	59.116	362	141	1.58e-125	hypothetical protein C7M61_005282 [[Candida] pseudohaemulonis]
Cand_auris|CJI97_004172	ref|XP_024711259.1|	16	29.655	145	65	1.20e-06	hypothetical protein C7M61_005282 [[Candida] pseudohaemulonis]
Cand_auris|CJI97_004172	gb|PIS50297.1|	69	64.762	315	111	1.76e-125	hypothetical protein B9J08_004110 [[Candida] auris]
Cand_auris|CJI97_004172	gb|PIS50297.1|	69	30.000	250	138	7.59e-08	hypothetical protein B9J08_004110 [[Candida] auris]
Cand_auris|CJI97_004172	gb|PIS50297.1|	69	52.113	71	31	3.17e-07	hypothetical protein B9J08_004110 [[Candida] auris]
Cand_auris|CJI97_004172	gb|PIS50297.1|	69	55.556	72	31	4.30e-06	hypothetical protein B9J08_004110 [[Candida] auris]
Cand_auris|CJI97_004172	gb|PIS50297.1|	69	39.259	135	56	4.41e-06	hypothetical protein B9J08_004110 [[Candida] auris]
Cand_auris|CJI97_004172	gb|PIS50297.1|	69	39.344	122	63	1.88e-05	hypothetical protein B9J08_004110 [[Candida] auris]
Cand_auris|CJI97_004172	gb|PIS50297.1|	69	38.519	135	57	1.98e-05	hypothetical protein B9J08_004110 [[Candida] auris]
Cand_auris|CJI97_004172	gb|PIS50297.1|	69	50.000	78	36	2.65e-05	hypothetical protein B9J08_004110 [[Candida] auris]
Cand_auris|CJI97_004172	gb|PIS50297.1|	69	36.567	134	59	6.24e-05	hypothetical protein B9J08_004110 [[Candida] auris]
Cand_auris|CJI97_004172	gb|PIS50297.1|	69	48.315	89	41	6.51e-05	hypothetical protein B9J08_004110 [[Candida] auris]
Cand_auris|CJI97_004172	gb|PIS50297.1|	69	44.318	88	41	1.47e-04	hypothetical protein B9J08_004110 [[Candida] auris]
Cand_auris|CJI97_004172	gb|PIS50297.1|	69	37.037	135	59	2.10e-04	hypothetical protein B9J08_004110 [[Candida] auris]
Cand_auris|CJI97_004172	gb|PIS50297.1|	69	65.909	44	15	5.12e-04	hypothetical protein B9J08_004110 [[Candida] auris]
Cand_auris|CJI97_004172	gb|PIS50297.1|	69	33.562	146	80	0.002	hypothetical protein B9J08_004110 [[Candida] auris]
Cand_auris|CJI97_004172	gb|PIS50297.1|	69	42.105	76	39	0.002	hypothetical protein B9J08_004110 [[Candida] auris]
Cand_auris|CJI97_004172	gb|PIS50297.1|	69	36.567	134	57	0.003	hypothetical protein B9J08_004110 [[Candida] auris]
Cand_auris|CJI97_004172	gb|PIS50297.1|	69	53.425	73	31	0.004	hypothetical protein B9J08_004110 [[Candida] auris]
Cand_auris|CJI97_004172	gb|PIS50297.1|	69	63.636	44	16	0.004	hypothetical protein B9J08_004110 [[Candida] auris]
Cand_auris|CJI97_004172	gb|PIS50297.1|	69	47.619	63	32	0.004	hypothetical protein B9J08_004110 [[Candida] auris]
Cand_auris|CJI97_004172	gb|PIS50297.1|	69	43.210	81	33	0.005	hypothetical protein B9J08_004110 [[Candida] auris]
Cand_auris|CJI97_004172	gb|PIS50297.1|	69	59.091	44	18	0.016	hypothetical protein B9J08_004110 [[Candida] auris]
Cand_auris|CJI97_004172	gb|PSK35437.1|	70	64.762	315	111	1.87e-125	hypothetical protein CJI96_005468 [[Candida] auris]
Cand_auris|CJI97_004172	gb|PSK35437.1|	70	30.000	250	140	3.28e-07	hypothetical protein CJI96_005468 [[Candida] auris]
Cand_auris|CJI97_004172	gb|PSK35437.1|	70	52.113	71	31	3.51e-07	hypothetical protein CJI96_005468 [[Candida] auris]
Cand_auris|CJI97_004172	gb|PSK35437.1|	70	55.556	72	31	4.57e-06	hypothetical protein CJI96_005468 [[Candida] auris]
Cand_auris|CJI97_004172	gb|PSK35437.1|	70	39.259	135	56	4.89e-06	hypothetical protein CJI96_005468 [[Candida] auris]
Cand_auris|CJI97_004172	gb|PSK35437.1|	70	38.843	121	65	1.86e-05	hypothetical protein CJI96_005468 [[Candida] auris]
Cand_auris|CJI97_004172	gb|PSK35437.1|	70	38.519	135	57	2.22e-05	hypothetical protein CJI96_005468 [[Candida] auris]
Cand_auris|CJI97_004172	gb|PSK35437.1|	70	50.000	78	36	2.93e-05	hypothetical protein CJI96_005468 [[Candida] auris]
Cand_auris|CJI97_004172	gb|PSK35437.1|	70	36.567	134	59	6.80e-05	hypothetical protein CJI96_005468 [[Candida] auris]
Cand_auris|CJI97_004172	gb|PSK35437.1|	70	48.315	89	41	7.10e-05	hypothetical protein CJI96_005468 [[Candida] auris]
Cand_auris|CJI97_004172	gb|PSK35437.1|	70	44.318	88	41	1.58e-04	hypothetical protein CJI96_005468 [[Candida] auris]
Cand_auris|CJI97_004172	gb|PSK35437.1|	70	37.037	135	59	2.39e-04	hypothetical protein CJI96_005468 [[Candida] auris]
Cand_auris|CJI97_004172	gb|PSK35437.1|	70	65.909	44	15	5.26e-04	hypothetical protein CJI96_005468 [[Candida] auris]
Cand_auris|CJI97_004172	gb|PSK35437.1|	70	42.105	76	39	0.002	hypothetical protein CJI96_005468 [[Candida] auris]
Cand_auris|CJI97_004172	gb|PSK35437.1|	70	36.567	134	57	0.003	hypothetical protein CJI96_005468 [[Candida] auris]
Cand_auris|CJI97_004172	gb|PSK35437.1|	70	38.686	137	54	0.004	hypothetical protein CJI96_005468 [[Candida] auris]
Cand_auris|CJI97_004172	gb|PSK35437.1|	70	47.619	63	32	0.004	hypothetical protein CJI96_005468 [[Candida] auris]
Cand_auris|CJI97_004172	gb|PSK35437.1|	70	63.636	44	16	0.004	hypothetical protein CJI96_005468 [[Candida] auris]
Cand_auris|CJI97_004172	gb|PSK35437.1|	70	43.210	81	33	0.005	hypothetical protein CJI96_005468 [[Candida] auris]
Cand_auris|CJI97_004172	gb|PSK35437.1|	70	32.877	146	81	0.010	hypothetical protein CJI96_005468 [[Candida] auris]
Cand_auris|CJI97_004172	gb|PSK35437.1|	70	59.091	44	18	0.016	hypothetical protein CJI96_005468 [[Candida] auris]
Cand_auris|CJI97_004172	gb|KND98979.2|	70	64.762	315	111	1.90e-125	hypothetical protein QG37_04039 [[Candida] auris]
Cand_auris|CJI97_004172	gb|KND98979.2|	70	52.113	71	31	3.09e-07	hypothetical protein QG37_04039 [[Candida] auris]
Cand_auris|CJI97_004172	gb|KND98979.2|	70	29.600	250	139	3.27e-07	hypothetical protein QG37_04039 [[Candida] auris]
Cand_auris|CJI97_004172	gb|KND98979.2|	70	39.259	135	56	4.23e-06	hypothetical protein QG37_04039 [[Candida] auris]
Cand_auris|CJI97_004172	gb|KND98979.2|	70	55.556	72	31	4.52e-06	hypothetical protein QG37_04039 [[Candida] auris]
Cand_auris|CJI97_004172	gb|KND98979.2|	70	39.344	122	63	1.72e-05	hypothetical protein QG37_04039 [[Candida] auris]
Cand_auris|CJI97_004172	gb|KND98979.2|	70	38.519	135	57	1.93e-05	hypothetical protein QG37_04039 [[Candida] auris]
Cand_auris|CJI97_004172	gb|KND98979.2|	70	50.000	78	36	2.58e-05	hypothetical protein QG37_04039 [[Candida] auris]
Cand_auris|CJI97_004172	gb|KND98979.2|	70	36.567	134	59	5.93e-05	hypothetical protein QG37_04039 [[Candida] auris]
Cand_auris|CJI97_004172	gb|KND98979.2|	70	48.315	89	41	6.97e-05	hypothetical protein QG37_04039 [[Candida] auris]
Cand_auris|CJI97_004172	gb|KND98979.2|	70	44.318	88	41	1.40e-04	hypothetical protein QG37_04039 [[Candida] auris]
Cand_auris|CJI97_004172	gb|KND98979.2|	70	37.037	135	59	2.07e-04	hypothetical protein QG37_04039 [[Candida] auris]
Cand_auris|CJI97_004172	gb|KND98979.2|	70	65.909	44	15	5.21e-04	hypothetical protein QG37_04039 [[Candida] auris]
Cand_auris|CJI97_004172	gb|KND98979.2|	70	42.105	76	39	0.002	hypothetical protein QG37_04039 [[Candida] auris]
Cand_auris|CJI97_004172	gb|KND98979.2|	70	36.567	134	57	0.003	hypothetical protein QG37_04039 [[Candida] auris]
Cand_auris|CJI97_004172	gb|KND98979.2|	70	38.686	137	54	0.004	hypothetical protein QG37_04039 [[Candida] auris]
Cand_auris|CJI97_004172	gb|KND98979.2|	70	47.619	63	32	0.004	hypothetical protein QG37_04039 [[Candida] auris]
Cand_auris|CJI97_004172	gb|KND98979.2|	70	63.636	44	16	0.004	hypothetical protein QG37_04039 [[Candida] auris]
Cand_auris|CJI97_004172	gb|KND98979.2|	70	43.210	81	33	0.005	hypothetical protein QG37_04039 [[Candida] auris]
Cand_auris|CJI97_004172	gb|KND98979.2|	70	32.877	146	81	0.008	hypothetical protein QG37_04039 [[Candida] auris]
Cand_auris|CJI97_004172	gb|KND98979.2|	70	59.091	44	18	0.016	hypothetical protein QG37_04039 [[Candida] auris]
Cand_auris|CJI97_004172	ref|XP_028889034.1|	69	64.762	315	111	2.25e-125	uncharacterized protein CJI97_004173 [[Candida] auris]
Cand_auris|CJI97_004172	ref|XP_028889034.1|	69	52.113	71	31	3.30e-07	uncharacterized protein CJI97_004173 [[Candida] auris]
Cand_auris|CJI97_004172	ref|XP_028889034.1|	69	29.600	250	137	3.53e-07	uncharacterized protein CJI97_004173 [[Candida] auris]
Cand_auris|CJI97_004172	ref|XP_028889034.1|	69	39.259	135	56	4.26e-06	uncharacterized protein CJI97_004173 [[Candida] auris]
Cand_auris|CJI97_004172	ref|XP_028889034.1|	69	55.556	72	31	4.37e-06	uncharacterized protein CJI97_004173 [[Candida] auris]
Cand_auris|CJI97_004172	ref|XP_028889034.1|	69	39.344	122	63	1.74e-05	uncharacterized protein CJI97_004173 [[Candida] auris]
Cand_auris|CJI97_004172	ref|XP_028889034.1|	69	38.519	135	57	2.01e-05	uncharacterized protein CJI97_004173 [[Candida] auris]
Cand_auris|CJI97_004172	ref|XP_028889034.1|	69	50.000	78	36	2.88e-05	uncharacterized protein CJI97_004173 [[Candida] auris]
Cand_auris|CJI97_004172	ref|XP_028889034.1|	69	48.315	89	41	6.56e-05	uncharacterized protein CJI97_004173 [[Candida] auris]
Cand_auris|CJI97_004172	ref|XP_028889034.1|	69	36.567	134	59	6.61e-05	uncharacterized protein CJI97_004173 [[Candida] auris]
Cand_auris|CJI97_004172	ref|XP_028889034.1|	69	44.318	88	41	1.53e-04	uncharacterized protein CJI97_004173 [[Candida] auris]
Cand_auris|CJI97_004172	ref|XP_028889034.1|	69	37.037	135	59	2.13e-04	uncharacterized protein CJI97_004173 [[Candida] auris]
Cand_auris|CJI97_004172	ref|XP_028889034.1|	69	65.909	44	15	5.12e-04	uncharacterized protein CJI97_004173 [[Candida] auris]
Cand_auris|CJI97_004172	ref|XP_028889034.1|	69	42.105	76	39	0.002	uncharacterized protein CJI97_004173 [[Candida] auris]
Cand_auris|CJI97_004172	ref|XP_028889034.1|	69	36.567	134	57	0.003	uncharacterized protein CJI97_004173 [[Candida] auris]
Cand_auris|CJI97_004172	ref|XP_028889034.1|	69	53.425	73	31	0.004	uncharacterized protein CJI97_004173 [[Candida] auris]
Cand_auris|CJI97_004172	ref|XP_028889034.1|	69	63.636	44	16	0.004	uncharacterized protein CJI97_004173 [[Candida] auris]
Cand_auris|CJI97_004172	ref|XP_028889034.1|	69	47.619	63	32	0.004	uncharacterized protein CJI97_004173 [[Candida] auris]
Cand_auris|CJI97_004172	ref|XP_028889034.1|	69	43.210	81	33	0.005	uncharacterized protein CJI97_004173 [[Candida] auris]
Cand_auris|CJI97_004172	ref|XP_028889034.1|	69	59.091	44	18	0.016	uncharacterized protein CJI97_004173 [[Candida] auris]
Cand_auris|CJI97_004172	ref|XP_028889034.1|	69	42.029	69	38	0.057	uncharacterized protein CJI97_004173 [[Candida] auris]
Cand_auris|CJI97_004172	gb|PIS55432.1|	93	51.312	1029	340	7.27e-124	hypothetical protein B9J08_001531 [[Candida] auris]
Cand_auris|CJI97_004172	gb|PIS55432.1|	93	61.342	313	119	2.68e-123	hypothetical protein B9J08_001531 [[Candida] auris]
Cand_auris|CJI97_004172	gb|PIS55432.1|	93	52.381	987	349	8.07e-118	hypothetical protein B9J08_001531 [[Candida] auris]
Cand_auris|CJI97_004172	gb|PIS55432.1|	93	51.417	988	349	7.39e-116	hypothetical protein B9J08_001531 [[Candida] auris]
Cand_auris|CJI97_004172	gb|PIS55432.1|	93	50.893	1008	358	2.05e-115	hypothetical protein B9J08_001531 [[Candida] auris]
Cand_auris|CJI97_004172	gb|PIS55432.1|	93	50.868	979	334	4.94e-113	hypothetical protein B9J08_001531 [[Candida] auris]
Cand_auris|CJI97_004172	gb|PIS55432.1|	93	51.685	979	340	8.70e-113	hypothetical protein B9J08_001531 [[Candida] auris]
Cand_auris|CJI97_004172	gb|PIS55432.1|	93	49.046	1048	375	4.24e-108	hypothetical protein B9J08_001531 [[Candida] auris]
Cand_auris|CJI97_004172	gb|PIS55432.1|	93	45.513	1081	430	2.69e-99	hypothetical protein B9J08_001531 [[Candida] auris]
Cand_auris|CJI97_004172	gb|PIS55432.1|	93	48.107	634	226	5.10e-66	hypothetical protein B9J08_001531 [[Candida] auris]
Cand_auris|CJI97_004172	gb|PIS55432.1|	93	40.458	393	158	4.22e-17	hypothetical protein B9J08_001531 [[Candida] auris]
Cand_auris|CJI97_004172	gb|PIS55432.1|	93	45.745	188	73	1.74e-11	hypothetical protein B9J08_001531 [[Candida] auris]
Cand_auris|CJI97_004172	gb|KND99597.2|	93	51.312	1029	340	7.27e-124	hypothetical protein QG37_03387 [[Candida] auris]
Cand_auris|CJI97_004172	gb|KND99597.2|	93	61.342	313	119	2.68e-123	hypothetical protein QG37_03387 [[Candida] auris]
Cand_auris|CJI97_004172	gb|KND99597.2|	93	52.381	987	349	8.07e-118	hypothetical protein QG37_03387 [[Candida] auris]
Cand_auris|CJI97_004172	gb|KND99597.2|	93	51.417	988	349	7.39e-116	hypothetical protein QG37_03387 [[Candida] auris]
Cand_auris|CJI97_004172	gb|KND99597.2|	93	50.893	1008	358	2.05e-115	hypothetical protein QG37_03387 [[Candida] auris]
Cand_auris|CJI97_004172	gb|KND99597.2|	93	50.868	979	334	4.94e-113	hypothetical protein QG37_03387 [[Candida] auris]
Cand_auris|CJI97_004172	gb|KND99597.2|	93	51.685	979	340	8.70e-113	hypothetical protein QG37_03387 [[Candida] auris]
Cand_auris|CJI97_004172	gb|KND99597.2|	93	49.046	1048	375	4.24e-108	hypothetical protein QG37_03387 [[Candida] auris]
Cand_auris|CJI97_004172	gb|KND99597.2|	93	45.513	1081	430	2.69e-99	hypothetical protein QG37_03387 [[Candida] auris]
Cand_auris|CJI97_004172	gb|KND99597.2|	93	48.107	634	226	5.10e-66	hypothetical protein QG37_03387 [[Candida] auris]
Cand_auris|CJI97_004172	gb|KND99597.2|	93	40.458	393	158	4.22e-17	hypothetical protein QG37_03387 [[Candida] auris]
Cand_auris|CJI97_004172	gb|KND99597.2|	93	45.745	188	73	1.74e-11	hypothetical protein QG37_03387 [[Candida] auris]
Cand_auris|CJI97_004172	ref|XP_028892406.1|	93	51.312	1029	340	8.42e-124	uncharacterized protein CJI97_001778 [[Candida] auris]
Cand_auris|CJI97_004172	ref|XP_028892406.1|	93	61.022	313	120	7.92e-123	uncharacterized protein CJI97_001778 [[Candida] auris]
Cand_auris|CJI97_004172	ref|XP_028892406.1|	93	52.381	987	349	9.87e-118	uncharacterized protein CJI97_001778 [[Candida] auris]
Cand_auris|CJI97_004172	ref|XP_028892406.1|	93	51.518	988	348	8.87e-116	uncharacterized protein CJI97_001778 [[Candida] auris]
Cand_auris|CJI97_004172	ref|XP_028892406.1|	93	50.893	1008	358	2.29e-115	uncharacterized protein CJI97_001778 [[Candida] auris]
Cand_auris|CJI97_004172	ref|XP_028892406.1|	93	50.868	979	334	6.27e-113	uncharacterized protein CJI97_001778 [[Candida] auris]
Cand_auris|CJI97_004172	ref|XP_028892406.1|	93	51.685	979	340	1.11e-112	uncharacterized protein CJI97_001778 [[Candida] auris]
Cand_auris|CJI97_004172	ref|XP_028892406.1|	93	49.046	1048	375	5.09e-108	uncharacterized protein CJI97_001778 [[Candida] auris]
Cand_auris|CJI97_004172	ref|XP_028892406.1|	93	45.606	1081	429	3.14e-99	uncharacterized protein CJI97_001778 [[Candida] auris]
Cand_auris|CJI97_004172	ref|XP_028892406.1|	93	48.107	634	226	5.65e-66	uncharacterized protein CJI97_001778 [[Candida] auris]
Cand_auris|CJI97_004172	ref|XP_028892406.1|	93	40.458	393	158	4.48e-17	uncharacterized protein CJI97_001778 [[Candida] auris]
Cand_auris|CJI97_004172	ref|XP_028892406.1|	93	45.745	188	73	1.79e-11	uncharacterized protein CJI97_001778 [[Candida] auris]
Cand_auris|CJI97_004172	gb|PSK76051.1|	89	61.342	313	119	1.89e-123	hypothetical protein CJJ07_004124 [[Candida] auris]
Cand_auris|CJI97_004172	gb|PSK76051.1|	89	49.521	731	254	2.26e-90	hypothetical protein CJJ07_004124 [[Candida] auris]
Cand_auris|CJI97_004172	gb|PSK76051.1|	89	50.206	727	275	6.35e-85	hypothetical protein CJJ07_004124 [[Candida] auris]
Cand_auris|CJI97_004172	gb|PSK76051.1|	89	48.840	733	268	1.40e-82	hypothetical protein CJJ07_004124 [[Candida] auris]
Cand_auris|CJI97_004172	gb|PSK76051.1|	89	49.187	738	285	2.30e-82	hypothetical protein CJJ07_004124 [[Candida] auris]
Cand_auris|CJI97_004172	gb|PSK76051.1|	89	51.114	718	266	4.98e-81	hypothetical protein CJJ07_004124 [[Candida] auris]
Cand_auris|CJI97_004172	gb|PSK76051.1|	89	48.913	736	257	1.61e-80	hypothetical protein CJJ07_004124 [[Candida] auris]
Cand_auris|CJI97_004172	gb|PSK76051.1|	89	48.506	703	277	3.16e-76	hypothetical protein CJJ07_004124 [[Candida] auris]
Cand_auris|CJI97_004172	gb|PSK76051.1|	89	45.581	792	296	4.44e-76	hypothetical protein CJJ07_004124 [[Candida] auris]
Cand_auris|CJI97_004172	gb|PSK76051.1|	89	38.295	786	347	8.02e-50	hypothetical protein CJJ07_004124 [[Candida] auris]
Cand_auris|CJI97_004172	gb|PSK76051.1|	89	41.558	77	43	1.2	hypothetical protein CJJ07_004124 [[Candida] auris]
Cand_auris|CJI97_004172	ref|XP_025339545.1|	74	50.677	886	378	1.96e-111	uncharacterized protein CXQ87_001536 [[Candida] duobushaemulonis]
Cand_auris|CJI97_004172	ref|XP_025339545.1|	74	50.408	857	368	9.34e-106	uncharacterized protein CXQ87_001536 [[Candida] duobushaemulonis]
Cand_auris|CJI97_004172	ref|XP_025339545.1|	74	47.960	907	389	6.23e-99	uncharacterized protein CXQ87_001536 [[Candida] duobushaemulonis]
Cand_auris|CJI97_004172	ref|XP_025339545.1|	74	45.408	980	432	1.83e-89	uncharacterized protein CXQ87_001536 [[Candida] duobushaemulonis]
Cand_auris|CJI97_004172	ref|XP_025339545.1|	74	43.469	957	410	4.76e-74	uncharacterized protein CXQ87_001536 [[Candida] duobushaemulonis]
Cand_auris|CJI97_004172	ref|XP_025339545.1|	74	42.759	580	256	2.66e-44	uncharacterized protein CXQ87_001536 [[Candida] duobushaemulonis]
Cand_auris|CJI97_004172	ref|XP_025343289.1|	88	54.952	313	139	3.18e-106	hypothetical protein CXQ85_005377 [[Candida] haemulonis]
Cand_auris|CJI97_004172	ref|XP_025343289.1|	88	48.031	762	282	6.53e-66	hypothetical protein CXQ85_005377 [[Candida] haemulonis]
Cand_auris|CJI97_004172	ref|XP_025343289.1|	88	49.799	747	298	5.19e-64	hypothetical protein CXQ85_005377 [[Candida] haemulonis]
Cand_auris|CJI97_004172	ref|XP_025343289.1|	88	46.757	740	289	3.60e-63	hypothetical protein CXQ85_005377 [[Candida] haemulonis]
Cand_auris|CJI97_004172	ref|XP_025343289.1|	88	50.260	770	304	7.05e-59	hypothetical protein CXQ85_005377 [[Candida] haemulonis]
Cand_auris|CJI97_004172	ref|XP_025343289.1|	88	47.742	775	309	9.55e-59	hypothetical protein CXQ85_005377 [[Candida] haemulonis]
Cand_auris|CJI97_004172	ref|XP_025343289.1|	88	47.927	772	309	1.05e-56	hypothetical protein CXQ85_005377 [[Candida] haemulonis]
Cand_auris|CJI97_004172	ref|XP_025343289.1|	88	48.663	748	307	2.15e-56	hypothetical protein CXQ85_005377 [[Candida] haemulonis]
Cand_auris|CJI97_004172	ref|XP_025343289.1|	88	41.484	822	399	4.13e-55	hypothetical protein CXQ85_005377 [[Candida] haemulonis]
Cand_auris|CJI97_004172	ref|XP_024716363.1|	91	52.188	320	151	1.70e-101	hypothetical protein C7M61_001351 [[Candida] pseudohaemulonis]
Cand_auris|CJI97_004172	ref|XP_024716363.1|	91	46.424	741	317	4.14e-77	hypothetical protein C7M61_001351 [[Candida] pseudohaemulonis]
Cand_auris|CJI97_004172	ref|XP_024716363.1|	91	49.846	648	272	1.68e-70	hypothetical protein C7M61_001351 [[Candida] pseudohaemulonis]
Cand_auris|CJI97_004172	ref|XP_024716363.1|	91	47.181	674	304	2.08e-70	hypothetical protein C7M61_001351 [[Candida] pseudohaemulonis]
Cand_auris|CJI97_004172	ref|XP_024716363.1|	91	46.767	665	291	1.38e-69	hypothetical protein C7M61_001351 [[Candida] pseudohaemulonis]
Cand_auris|CJI97_004172	ref|XP_024716363.1|	91	47.178	691	302	1.59e-68	hypothetical protein C7M61_001351 [[Candida] pseudohaemulonis]
Cand_auris|CJI97_004172	ref|XP_024716363.1|	91	46.142	674	311	3.73e-67	hypothetical protein C7M61_001351 [[Candida] pseudohaemulonis]
Cand_auris|CJI97_004172	ref|XP_024716363.1|	91	39.526	802	422	1.24e-63	hypothetical protein C7M61_001351 [[Candida] pseudohaemulonis]
Cand_auris|CJI97_004172	ref|XP_024711300.1|	100	34.859	852	497	5.52e-97	hypothetical protein C7M61_005183 [[Candida] pseudohaemulonis]
Cand_auris|CJI97_004172	ref|XP_024711300.1|	100	42.353	425	215	1.08e-40	hypothetical protein C7M61_005183 [[Candida] pseudohaemulonis]
Cand_auris|CJI97_004172	ref|XP_024711300.1|	100	39.810	422	223	1.99e-37	hypothetical protein C7M61_005183 [[Candida] pseudohaemulonis]
Cand_auris|CJI97_004172	ref|XP_024711300.1|	100	40.098	409	222	1.22e-36	hypothetical protein C7M61_005183 [[Candida] pseudohaemulonis]
Cand_auris|CJI97_004172	ref|XP_024711300.1|	100	40.342	409	221	3.13e-36	hypothetical protein C7M61_005183 [[Candida] pseudohaemulonis]
Cand_auris|CJI97_004172	ref|XP_024711300.1|	100	38.875	409	227	9.86e-36	hypothetical protein C7M61_005183 [[Candida] pseudohaemulonis]
Cand_auris|CJI97_004172	ref|XP_024711300.1|	100	38.875	409	227	1.03e-35	hypothetical protein C7M61_005183 [[Candida] pseudohaemulonis]
Cand_auris|CJI97_004172	ref|XP_024711300.1|	100	38.631	409	228	2.57e-35	hypothetical protein C7M61_005183 [[Candida] pseudohaemulonis]
Cand_auris|CJI97_004172	ref|XP_024711300.1|	100	36.623	456	250	9.12e-35	hypothetical protein C7M61_005183 [[Candida] pseudohaemulonis]
Cand_auris|CJI97_004172	ref|XP_024711300.1|	100	40.547	402	216	9.94e-35	hypothetical protein C7M61_005183 [[Candida] pseudohaemulonis]
Cand_auris|CJI97_004172	ref|XP_024711300.1|	100	34.340	530	287	2.57e-32	hypothetical protein C7M61_005183 [[Candida] pseudohaemulonis]
Cand_auris|CJI97_004172	ref|XP_024711300.1|	100	31.889	577	312	2.54e-30	hypothetical protein C7M61_005183 [[Candida] pseudohaemulonis]
Cand_auris|CJI97_004172	ref|XP_024711350.1|	84	47.826	322	165	4.64e-88	hypothetical protein C7M61_005118 [[Candida] pseudohaemulonis]
Cand_auris|CJI97_004172	ref|XP_024711350.1|	84	38.889	306	160	2.59e-18	hypothetical protein C7M61_005118 [[Candida] pseudohaemulonis]
Cand_auris|CJI97_004172	ref|XP_024711350.1|	84	35.922	309	129	9.05e-18	hypothetical protein C7M61_005118 [[Candida] pseudohaemulonis]
Cand_auris|CJI97_004172	ref|XP_024711350.1|	84	34.309	376	216	1.10e-16	hypothetical protein C7M61_005118 [[Candida] pseudohaemulonis]
Cand_auris|CJI97_004172	ref|XP_024711350.1|	84	33.898	295	129	4.16e-16	hypothetical protein C7M61_005118 [[Candida] pseudohaemulonis]
Cand_auris|CJI97_004172	ref|XP_024711350.1|	84	38.312	308	159	7.61e-16	hypothetical protein C7M61_005118 [[Candida] pseudohaemulonis]
Cand_auris|CJI97_004172	ref|XP_024711350.1|	84	36.808	307	163	3.64e-15	hypothetical protein C7M61_005118 [[Candida] pseudohaemulonis]
Cand_auris|CJI97_004172	ref|XP_024711350.1|	84	30.688	378	171	2.51e-12	hypothetical protein C7M61_005118 [[Candida] pseudohaemulonis]
Cand_auris|CJI97_004172	ref|XP_024711350.1|	84	36.601	306	154	3.62e-12	hypothetical protein C7M61_005118 [[Candida] pseudohaemulonis]
Cand_auris|CJI97_004172	ref|XP_024711350.1|	84	35.294	289	165	1.09e-11	hypothetical protein C7M61_005118 [[Candida] pseudohaemulonis]
Cand_auris|CJI97_004172	ref|XP_024711350.1|	84	34.122	296	162	5.58e-10	hypothetical protein C7M61_005118 [[Candida] pseudohaemulonis]
Cand_auris|CJI97_004172	ref|XP_024711350.1|	84	33.540	322	143	1.05e-08	hypothetical protein C7M61_005118 [[Candida] pseudohaemulonis]
Cand_auris|CJI97_004172	ref|XP_024711350.1|	84	33.657	309	167	2.63e-08	hypothetical protein C7M61_005118 [[Candida] pseudohaemulonis]
Cand_auris|CJI97_004172	ref|XP_024711350.1|	84	33.333	285	166	0.003	hypothetical protein C7M61_005118 [[Candida] pseudohaemulonis]
Cand_auris|CJI97_004172	ref|XP_025341634.1|	17	40.063	317	184	9.33e-72	hypothetical protein CXQ85_004198 [[Candida] haemulonis]
Cand_auris|CJI97_004172	ref|XP_025341634.1|	17	36.170	141	76	0.31	hypothetical protein CXQ85_004198 [[Candida] haemulonis]
Cand_auris|CJI97_004172	ref|XP_025341634.1|	17	42.045	88	45	2.1	hypothetical protein CXQ85_004198 [[Candida] haemulonis]
Cand_auris|CJI97_004172	ref|XP_028893057.1|	74	46.220	582	287	2.06e-70	uncharacterized protein CJI97_000676 [[Candida] auris]
Cand_auris|CJI97_004172	ref|XP_028893057.1|	74	46.552	580	282	3.39e-69	uncharacterized protein CJI97_000676 [[Candida] auris]
Cand_auris|CJI97_004172	ref|XP_028893057.1|	74	46.805	579	282	1.32e-68	uncharacterized protein CJI97_000676 [[Candida] auris]
Cand_auris|CJI97_004172	ref|XP_028893057.1|	74	44.685	555	281	2.38e-60	uncharacterized protein CJI97_000676 [[Candida] auris]
Cand_auris|CJI97_004172	ref|XP_028893057.1|	74	42.359	602	297	1.50e-55	uncharacterized protein CJI97_000676 [[Candida] auris]
Cand_auris|CJI97_004172	ref|XP_028893057.1|	74	41.109	613	292	1.09e-46	uncharacterized protein CJI97_000676 [[Candida] auris]
Cand_auris|CJI97_004172	ref|XP_028893057.1|	74	39.065	599	291	6.73e-40	uncharacterized protein CJI97_000676 [[Candida] auris]
Cand_auris|CJI97_004172	ref|XP_028893057.1|	74	38.577	534	244	1.49e-33	uncharacterized protein CJI97_000676 [[Candida] auris]
Cand_auris|CJI97_004172	ref|XP_025336698.1|	94	40.922	347	191	4.56e-70	uncharacterized protein CXQ87_003607 [[Candida] duobushaemulonis]
Cand_auris|CJI97_004172	ref|XP_025336698.1|	94	43.100	471	232	7.75e-45	uncharacterized protein CXQ87_003607 [[Candida] duobushaemulonis]
Cand_auris|CJI97_004172	ref|XP_025336698.1|	94	42.794	451	237	2.04e-44	uncharacterized protein CXQ87_003607 [[Candida] duobushaemulonis]
Cand_auris|CJI97_004172	ref|XP_025336698.1|	94	40.471	467	241	2.88e-40	uncharacterized protein CXQ87_003607 [[Candida] duobushaemulonis]
Cand_auris|CJI97_004172	ref|XP_025336698.1|	94	39.872	469	241	1.98e-39	uncharacterized protein CXQ87_003607 [[Candida] duobushaemulonis]
Cand_auris|CJI97_004172	ref|XP_025336698.1|	94	39.735	453	252	3.16e-39	uncharacterized protein CXQ87_003607 [[Candida] duobushaemulonis]
Cand_auris|CJI97_004172	ref|XP_025336698.1|	94	39.911	451	250	3.16e-39	uncharacterized protein CXQ87_003607 [[Candida] duobushaemulonis]
Cand_auris|CJI97_004172	ref|XP_025336698.1|	94	40.496	484	230	1.35e-37	uncharacterized protein CXQ87_003607 [[Candida] duobushaemulonis]
Cand_auris|CJI97_004172	ref|XP_025336698.1|	94	38.803	451	255	8.48e-37	uncharacterized protein CXQ87_003607 [[Candida] duobushaemulonis]
Cand_auris|CJI97_004172	ref|XP_025336698.1|	94	41.501	453	229	2.74e-35	uncharacterized protein CXQ87_003607 [[Candida] duobushaemulonis]
Cand_auris|CJI97_004172	ref|XP_025336698.1|	94	33.594	640	332	4.37e-33	uncharacterized protein CXQ87_003607 [[Candida] duobushaemulonis]
Cand_auris|CJI97_004172	ref|XP_025344020.1|	11	40.936	342	191	2.80e-67	hypothetical protein CXQ85_002807 [[Candida] haemulonis]
Cand_auris|CJI97_004172	gb|PSK75908.1|	10	43.119	327	175	3.35e-67	hypothetical protein CJJ07_004272 [[Candida] auris]
Cand_auris|CJI97_004172	ref|XP_028892087.1|	10	43.119	327	175	4.21e-67	uncharacterized protein CJI97_001451 [[Candida] auris]
Cand_auris|CJI97_004172	gb|PSK43960.1|	10	43.119	327	175	4.36e-67	hypothetical protein CJI96_004161 [[Candida] auris]
Cand_auris|CJI97_004172	gb|PIS56617.1|	10	43.119	327	175	6.14e-67	hypothetical protein B9J08_001155 [[Candida] auris]
Cand_auris|CJI97_004172	ref|XP_025339494.1|	34	38.658	313	190	1.01e-64	uncharacterized protein CXQ87_001485 [[Candida] duobushaemulonis]
Cand_auris|CJI97_004172	ref|XP_025339494.1|	34	40.000	140	71	0.003	uncharacterized protein CXQ87_001485 [[Candida] duobushaemulonis]
Cand_auris|CJI97_004172	ref|XP_025339494.1|	34	37.853	177	82	0.11	uncharacterized protein CXQ87_001485 [[Candida] duobushaemulonis]
Cand_auris|CJI97_004172	ref|XP_025339494.1|	34	44.944	89	45	0.26	uncharacterized protein CXQ87_001485 [[Candida] duobushaemulonis]
Cand_auris|CJI97_004172	ref|XP_025339494.1|	34	47.191	89	43	0.38	uncharacterized protein CXQ87_001485 [[Candida] duobushaemulonis]
Cand_auris|CJI97_004172	ref|XP_025339494.1|	34	45.349	86	45	1.0	uncharacterized protein CXQ87_001485 [[Candida] duobushaemulonis]
Cand_auris|CJI97_004172	ref|XP_025339494.1|	34	38.947	95	47	6.8	uncharacterized protein CXQ87_001485 [[Candida] duobushaemulonis]
Cand_auris|CJI97_004172	ref|XP_025339494.1|	34	40.449	89	49	8.0	uncharacterized protein CXQ87_001485 [[Candida] duobushaemulonis]
Cand_auris|CJI97_004172	gb|KND98529.2|	10	38.658	313	190	2.40e-63	hypothetical protein QG37_04422 [[Candida] auris]
Cand_auris|CJI97_004172	gb|PSK44034.1|	10	38.658	313	190	2.78e-63	hypothetical protein CJI96_004155 [[Candida] auris]
Cand_auris|CJI97_004172	gb|PSK79720.1|	10	38.658	313	190	3.08e-63	hypothetical protein CJJ07_000343 [[Candida] auris]
Cand_auris|CJI97_004172	gb|PIS50623.1|	10	38.658	313	190	3.44e-63	hypothetical protein B9J08_004451 [[Candida] auris]
Cand_auris|CJI97_004172	ref|XP_028889361.1|	10	38.339	313	191	7.64e-63	uncharacterized protein CJI97_004515 [[Candida] auris]
Cand_auris|CJI97_004172	ref|XP_024713725.1|	35	37.700	313	193	1.33e-61	hypothetical protein C7M61_002963 [[Candida] pseudohaemulonis]
Cand_auris|CJI97_004172	ref|XP_024713725.1|	35	37.405	131	70	0.035	hypothetical protein C7M61_002963 [[Candida] pseudohaemulonis]
Cand_auris|CJI97_004172	ref|XP_024713725.1|	35	38.168	131	69	0.17	hypothetical protein C7M61_002963 [[Candida] pseudohaemulonis]
Cand_auris|CJI97_004172	ref|XP_024713725.1|	35	42.636	129	62	0.19	hypothetical protein C7M61_002963 [[Candida] pseudohaemulonis]
Cand_auris|CJI97_004172	ref|XP_024713725.1|	35	37.405	131	70	0.73	hypothetical protein C7M61_002963 [[Candida] pseudohaemulonis]
Cand_auris|CJI97_004172	ref|XP_024713725.1|	35	36.508	126	68	2.0	hypothetical protein C7M61_002963 [[Candida] pseudohaemulonis]
Cand_auris|CJI97_004172	ref|XP_024713725.1|	35	34.524	168	84	3.6	hypothetical protein C7M61_002963 [[Candida] pseudohaemulonis]
Cand_auris|CJI97_004172	ref|XP_025344412.1|	10	40.317	315	186	6.42e-59	hypothetical protein CXQ85_003762 [[Candida] haemulonis]
Cand_auris|CJI97_004172	ref|XP_025344415.1|	82	38.253	332	184	2.31e-56	hypothetical protein CXQ85_003765 [[Candida] haemulonis]
Cand_auris|CJI97_004172	ref|XP_025344415.1|	82	47.107	121	61	1.40e-17	hypothetical protein CXQ85_003765 [[Candida] haemulonis]
Cand_auris|CJI97_004172	ref|XP_025344415.1|	82	42.683	164	85	7.15e-17	hypothetical protein CXQ85_003765 [[Candida] haemulonis]
Cand_auris|CJI97_004172	ref|XP_025344415.1|	82	42.683	164	85	2.84e-16	hypothetical protein CXQ85_003765 [[Candida] haemulonis]
Cand_auris|CJI97_004172	ref|XP_025344415.1|	82	42.073	164	86	4.79e-16	hypothetical protein CXQ85_003765 [[Candida] haemulonis]
Cand_auris|CJI97_004172	ref|XP_025344415.1|	82	42.073	164	86	3.10e-15	hypothetical protein CXQ85_003765 [[Candida] haemulonis]
Cand_auris|CJI97_004172	ref|XP_025344415.1|	82	41.463	164	87	3.79e-15	hypothetical protein CXQ85_003765 [[Candida] haemulonis]
Cand_auris|CJI97_004172	ref|XP_025344415.1|	82	40.244	164	89	1.22e-14	hypothetical protein CXQ85_003765 [[Candida] haemulonis]
Cand_auris|CJI97_004172	ref|XP_025344415.1|	82	40.854	164	88	1.62e-14	hypothetical protein CXQ85_003765 [[Candida] haemulonis]
Cand_auris|CJI97_004172	ref|XP_025344415.1|	82	40.606	165	89	6.19e-14	hypothetical protein CXQ85_003765 [[Candida] haemulonis]
Cand_auris|CJI97_004172	ref|XP_025344415.1|	82	40.244	164	89	6.19e-14	hypothetical protein CXQ85_003765 [[Candida] haemulonis]
Cand_auris|CJI97_004172	ref|XP_025344415.1|	82	43.293	164	84	7.02e-14	hypothetical protein CXQ85_003765 [[Candida] haemulonis]
Cand_auris|CJI97_004172	ref|XP_025344415.1|	82	41.463	164	87	8.45e-14	hypothetical protein CXQ85_003765 [[Candida] haemulonis]
Cand_auris|CJI97_004172	ref|XP_025344415.1|	82	38.415	164	92	8.74e-14	hypothetical protein CXQ85_003765 [[Candida] haemulonis]
Cand_auris|CJI97_004172	ref|XP_025344415.1|	82	39.394	165	91	1.04e-13	hypothetical protein CXQ85_003765 [[Candida] haemulonis]
Cand_auris|CJI97_004172	ref|XP_025344415.1|	82	40.854	164	88	1.46e-13	hypothetical protein CXQ85_003765 [[Candida] haemulonis]
Cand_auris|CJI97_004172	ref|XP_025344415.1|	82	40.854	164	88	2.98e-13	hypothetical protein CXQ85_003765 [[Candida] haemulonis]
Cand_auris|CJI97_004172	ref|XP_025344415.1|	82	43.195	169	81	3.62e-13	hypothetical protein CXQ85_003765 [[Candida] haemulonis]
Cand_auris|CJI97_004172	ref|XP_025344415.1|	82	42.073	164	86	1.24e-12	hypothetical protein CXQ85_003765 [[Candida] haemulonis]
Cand_auris|CJI97_004172	ref|XP_025344415.1|	82	40.936	171	86	2.19e-11	hypothetical protein CXQ85_003765 [[Candida] haemulonis]
Cand_auris|CJI97_004172	ref|XP_025344415.1|	82	38.509	161	87	7.55e-11	hypothetical protein CXQ85_003765 [[Candida] haemulonis]
Cand_auris|CJI97_004172	ref|XP_025344415.1|	82	35.359	181	92	5.23e-09	hypothetical protein CXQ85_003765 [[Candida] haemulonis]
Cand_auris|CJI97_004172	ref|XP_025344415.1|	82	39.053	169	88	1.21e-08	hypothetical protein CXQ85_003765 [[Candida] haemulonis]
Cand_auris|CJI97_004172	ref|XP_025344415.1|	82	32.796	186	99	2.65e-07	hypothetical protein CXQ85_003765 [[Candida] haemulonis]
Cand_auris|CJI97_004172	ref|XP_025344415.1|	82	33.514	185	97	2.17e-06	hypothetical protein CXQ85_003765 [[Candida] haemulonis]
Cand_auris|CJI97_004172	ref|XP_025344415.1|	82	34.899	149	65	1.42e-05	hypothetical protein CXQ85_003765 [[Candida] haemulonis]
Cand_auris|CJI97_004172	ref|XP_025336343.1|	9	38.006	321	164	1.58e-55	uncharacterized protein CXQ87_003243 [[Candida] duobushaemulonis]
Cand_auris|CJI97_004172	ref|XP_024713752.1|	10	35.866	329	171	1.62e-54	hypothetical protein C7M61_002453 [[Candida] pseudohaemulonis]
Cand_auris|CJI97_004172	ref|XP_028891378.1|	82	49.750	400	174	1.36e-52	uncharacterized protein CJI97_004166, partial [[Candida] auris]
Cand_auris|CJI97_004172	ref|XP_028891378.1|	82	48.010	402	178	1.61e-48	uncharacterized protein CJI97_004166, partial [[Candida] auris]
Cand_auris|CJI97_004172	ref|XP_028891378.1|	82	46.020	402	186	4.52e-47	uncharacterized protein CJI97_004166, partial [[Candida] auris]
Cand_auris|CJI97_004172	ref|XP_028891378.1|	82	46.394	416	188	5.46e-47	uncharacterized protein CJI97_004166, partial [[Candida] auris]
Cand_auris|CJI97_004172	ref|XP_028891378.1|	82	46.617	399	186	7.58e-47	uncharacterized protein CJI97_004166, partial [[Candida] auris]
Cand_auris|CJI97_004172	ref|XP_028891378.1|	82	46.420	405	180	1.70e-46	uncharacterized protein CJI97_004166, partial [[Candida] auris]
Cand_auris|CJI97_004172	ref|XP_028891378.1|	82	46.250	400	188	2.70e-46	uncharacterized protein CJI97_004166, partial [[Candida] auris]
Cand_auris|CJI97_004172	ref|XP_028891378.1|	82	47.816	412	187	4.01e-46	uncharacterized protein CJI97_004166, partial [[Candida] auris]
Cand_auris|CJI97_004172	ref|XP_028891378.1|	82	46.210	409	197	8.51e-46	uncharacterized protein CJI97_004166, partial [[Candida] auris]
Cand_auris|CJI97_004172	ref|XP_028891378.1|	82	48.301	412	185	2.53e-45	uncharacterized protein CJI97_004166, partial [[Candida] auris]
Cand_auris|CJI97_004172	ref|XP_028891378.1|	82	47.458	413	187	2.75e-45	uncharacterized protein CJI97_004166, partial [[Candida] auris]
Cand_auris|CJI97_004172	ref|XP_028891378.1|	82	46.318	421	186	8.42e-45	uncharacterized protein CJI97_004166, partial [[Candida] auris]
Cand_auris|CJI97_004172	ref|XP_028891378.1|	82	46.377	414	190	1.94e-44	uncharacterized protein CJI97_004166, partial [[Candida] auris]
Cand_auris|CJI97_004172	ref|XP_028891378.1|	82	46.318	421	193	3.58e-44	uncharacterized protein CJI97_004166, partial [[Candida] auris]
Cand_auris|CJI97_004172	ref|XP_028891378.1|	82	48.130	401	179	4.32e-44	uncharacterized protein CJI97_004166, partial [[Candida] auris]
Cand_auris|CJI97_004172	ref|XP_028891378.1|	82	45.636	401	189	1.39e-43	uncharacterized protein CJI97_004166, partial [[Candida] auris]
Cand_auris|CJI97_004172	ref|XP_028891378.1|	82	46.798	406	186	2.69e-43	uncharacterized protein CJI97_004166, partial [[Candida] auris]
Cand_auris|CJI97_004172	ref|XP_028891378.1|	82	46.250	400	186	4.30e-43	uncharacterized protein CJI97_004166, partial [[Candida] auris]
Cand_auris|CJI97_004172	ref|XP_028891378.1|	82	45.885	401	188	5.55e-42	uncharacterized protein CJI97_004166, partial [[Candida] auris]
Cand_auris|CJI97_004172	ref|XP_028891378.1|	82	41.871	449	198	1.16e-41	uncharacterized protein CJI97_004166, partial [[Candida] auris]
Cand_auris|CJI97_004172	ref|XP_028891378.1|	82	43.287	432	209	9.99e-41	uncharacterized protein CJI97_004166, partial [[Candida] auris]
Cand_auris|CJI97_004172	ref|XP_028891378.1|	82	42.105	437	176	1.65e-38	uncharacterized protein CJI97_004166, partial [[Candida] auris]
Cand_auris|CJI97_004172	ref|XP_028891378.1|	82	46.486	370	170	4.11e-38	uncharacterized protein CJI97_004166, partial [[Candida] auris]
Cand_auris|CJI97_004172	ref|XP_028891378.1|	82	36.653	502	235	1.21e-37	uncharacterized protein CJI97_004166, partial [[Candida] auris]
Cand_auris|CJI97_004172	ref|XP_028891378.1|	82	39.078	412	177	4.99e-37	uncharacterized protein CJI97_004166, partial [[Candida] auris]
Cand_auris|CJI97_004172	gb|PSK75098.1|	69	48.317	416	197	2.01e-49	hypothetical protein CJJ07_005143 [[Candida] auris]
Cand_auris|CJI97_004172	gb|PSK75098.1|	69	46.763	417	202	1.65e-48	hypothetical protein CJJ07_005143 [[Candida] auris]
Cand_auris|CJI97_004172	gb|PSK75098.1|	69	47.816	412	197	4.45e-48	hypothetical protein CJJ07_005143 [[Candida] auris]
Cand_auris|CJI97_004172	gb|PSK75098.1|	69	46.117	412	204	7.46e-48	hypothetical protein CJJ07_005143 [[Candida] auris]
Cand_auris|CJI97_004172	gb|PSK75098.1|	69	47.826	414	198	1.81e-47	hypothetical protein CJJ07_005143 [[Candida] auris]
Cand_auris|CJI97_004172	gb|PSK75098.1|	69	41.333	450	210	1.00e-32	hypothetical protein CJJ07_005143 [[Candida] auris]
Cand_auris|CJI97_004172	gb|PSK75098.1|	69	40.878	433	213	4.91e-31	hypothetical protein CJJ07_005143 [[Candida] auris]
Cand_auris|CJI97_004172	gb|PSK75098.1|	69	41.295	448	212	3.29e-29	hypothetical protein CJJ07_005143 [[Candida] auris]
Cand_auris|CJI97_004172	gb|PSK75098.1|	69	46.245	253	126	1.58e-23	hypothetical protein CJJ07_005143 [[Candida] auris]
Cand_auris|CJI97_004172	gb|PSK52202.1|	66	46.114	386	187	1.56e-41	hypothetical protein CJI96_000492 [[Candida] auris]
Cand_auris|CJI97_004172	gb|PSK52202.1|	66	46.579	380	186	2.70e-41	hypothetical protein CJI96_000492 [[Candida] auris]
Cand_auris|CJI97_004172	gb|PSK52202.1|	66	47.632	380	182	9.14e-41	hypothetical protein CJI96_000492 [[Candida] auris]
Cand_auris|CJI97_004172	gb|PSK52202.1|	66	47.309	353	171	6.51e-36	hypothetical protein CJI96_000492 [[Candida] auris]
Cand_auris|CJI97_004172	gb|PSK52202.1|	66	44.386	383	179	1.35e-35	hypothetical protein CJI96_000492 [[Candida] auris]
Cand_auris|CJI97_004172	gb|PSK52202.1|	66	42.132	394	192	4.65e-30	hypothetical protein CJI96_000492 [[Candida] auris]
Cand_auris|CJI97_004172	gb|PSK52202.1|	66	41.966	417	189	1.73e-27	hypothetical protein CJI96_000492 [[Candida] auris]
Cand_auris|CJI97_004172	gb|PSK52202.1|	66	40.665	391	185	2.61e-26	hypothetical protein CJI96_000492 [[Candida] auris]
Cand_auris|CJI97_004172	gb|PSK52202.1|	66	37.797	463	212	1.94e-20	hypothetical protein CJI96_000492 [[Candida] auris]
Cand_auris|CJI97_004172	ref|XP_003868554.1|	11	32.022	356	203	8.34e-37	Iff5 GPI-anchored protein [Candida orthopsilosis Co 90-125]
Cand_auris|CJI97_004172	ref|XP_003868553.1|	66	32.471	348	204	1.26e-36	Iff5 GPI-anchored protein [Candida orthopsilosis Co 90-125]
Cand_auris|CJI97_004172	ref|XP_003868553.1|	66	45.902	183	62	2.78e-05	Iff5 GPI-anchored protein [Candida orthopsilosis Co 90-125]
Cand_auris|CJI97_004172	ref|XP_003868553.1|	66	44.505	182	66	5.37e-04	Iff5 GPI-anchored protein [Candida orthopsilosis Co 90-125]
Cand_auris|CJI97_004172	ref|XP_003868553.1|	66	41.758	182	70	0.004	Iff5 GPI-anchored protein [Candida orthopsilosis Co 90-125]
Cand_auris|CJI97_004172	ref|XP_003868553.1|	66	41.111	180	74	0.014	Iff5 GPI-anchored protein [Candida orthopsilosis Co 90-125]
Cand_auris|CJI97_004172	ref|XP_003868553.1|	66	45.062	162	60	0.026	Iff5 GPI-anchored protein [Candida orthopsilosis Co 90-125]
Cand_auris|CJI97_004172	ref|XP_003868553.1|	66	46.067	178	68	0.032	Iff5 GPI-anchored protein [Candida orthopsilosis Co 90-125]
Cand_auris|CJI97_004172	ref|XP_003868553.1|	66	39.429	175	79	0.17	Iff5 GPI-anchored protein [Candida orthopsilosis Co 90-125]
Cand_auris|CJI97_004172	ref|XP_003868553.1|	66	41.975	162	65	0.26	Iff5 GPI-anchored protein [Candida orthopsilosis Co 90-125]
Cand_auris|CJI97_004172	ref|XP_003868553.1|	66	40.476	210	88	0.82	Iff5 GPI-anchored protein [Candida orthopsilosis Co 90-125]
Cand_auris|CJI97_004172	ref|XP_003868553.1|	66	44.697	132	48	1.4	Iff5 GPI-anchored protein [Candida orthopsilosis Co 90-125]
Cand_auris|CJI97_004172	ref|XP_003868553.1|	66	46.104	154	68	1.5	Iff5 GPI-anchored protein [Candida orthopsilosis Co 90-125]
Cand_auris|CJI97_004172	ref|XP_003868553.1|	66	42.308	182	70	2.4	Iff5 GPI-anchored protein [Candida orthopsilosis Co 90-125]
Cand_auris|CJI97_004172	ref|XP_003868553.1|	66	44.444	162	71	3.3	Iff5 GPI-anchored protein [Candida orthopsilosis Co 90-125]
Cand_auris|CJI97_004172	ref|XP_003868553.1|	66	40.782	179	72	3.3	Iff5 GPI-anchored protein [Candida orthopsilosis Co 90-125]
Cand_auris|CJI97_004172	ref|XP_003868553.1|	66	42.515	167	69	3.6	Iff5 GPI-anchored protein [Candida orthopsilosis Co 90-125]
Cand_auris|CJI97_004172	ref|XP_003868553.1|	66	43.407	182	68	9.6	Iff5 GPI-anchored protein [Candida orthopsilosis Co 90-125]
Cand_auris|CJI97_004172	ref|XP_003868555.1|	9	25.817	306	202	1.92e-21	hypothetical protein CORT_0C02750 [Candida orthopsilosis Co 90-125]
Cand_auris|CJI97_004172	ref|XP_025343636.1|	21	30.000	430	179	7.25e-12	hypothetical protein CXQ85_005270 [[Candida] haemulonis]
Cand_auris|CJI97_004172	ref|XP_025343636.1|	21	55.422	83	30	1.67e-09	hypothetical protein CXQ85_005270 [[Candida] haemulonis]
Cand_auris|CJI97_004172	ref|XP_025343636.1|	21	46.465	99	43	9.40e-06	hypothetical protein CXQ85_005270 [[Candida] haemulonis]
Cand_auris|CJI97_004172	ref|XP_025343636.1|	21	34.021	97	29	1.3	hypothetical protein CXQ85_005270 [[Candida] haemulonis]
Cand_auris|CJI97_004172	ref|XP_025341988.1|	76	31.967	244	112	5.28e-08	hypothetical protein CXQ85_000013 [[Candida] haemulonis]
Cand_auris|CJI97_004172	ref|XP_025341988.1|	76	30.000	340	181	6.75e-08	hypothetical protein CXQ85_000013 [[Candida] haemulonis]
Cand_auris|CJI97_004172	ref|XP_025341988.1|	76	32.394	213	104	1.43e-07	hypothetical protein CXQ85_000013 [[Candida] haemulonis]
Cand_auris|CJI97_004172	ref|XP_025341988.1|	76	32.877	219	118	4.22e-07	hypothetical protein CXQ85_000013 [[Candida] haemulonis]
Cand_auris|CJI97_004172	ref|XP_025341988.1|	76	32.864	213	103	4.40e-07	hypothetical protein CXQ85_000013 [[Candida] haemulonis]
Cand_auris|CJI97_004172	ref|XP_025341988.1|	76	32.864	213	117	6.49e-07	hypothetical protein CXQ85_000013 [[Candida] haemulonis]
Cand_auris|CJI97_004172	ref|XP_025341988.1|	76	32.542	295	164	1.77e-06	hypothetical protein CXQ85_000013 [[Candida] haemulonis]
Cand_auris|CJI97_004172	ref|XP_025341988.1|	76	30.657	274	137	2.06e-06	hypothetical protein CXQ85_000013 [[Candida] haemulonis]
Cand_auris|CJI97_004172	ref|XP_025341988.1|	76	35.071	211	114	1.03e-05	hypothetical protein CXQ85_000013 [[Candida] haemulonis]
Cand_auris|CJI97_004172	ref|XP_025341988.1|	76	29.832	238	113	1.46e-05	hypothetical protein CXQ85_000013 [[Candida] haemulonis]
Cand_auris|CJI97_004172	ref|XP_025341988.1|	76	34.404	218	120	1.90e-05	hypothetical protein CXQ85_000013 [[Candida] haemulonis]
Cand_auris|CJI97_004172	ref|XP_025341988.1|	76	32.558	258	149	3.71e-04	hypothetical protein CXQ85_000013 [[Candida] haemulonis]
Cand_auris|CJI97_004172	ref|XP_025341988.1|	76	29.680	219	133	0.43	hypothetical protein CXQ85_000013 [[Candida] haemulonis]
Cand_auris|CJI97_004172	ref|XP_025341988.1|	76	36.275	102	59	6.1	hypothetical protein CXQ85_000013 [[Candida] haemulonis]
Cand_auris|CJI97_004172	gb|PSK76856.1|	5	34.579	107	59	7.20e-05	hypothetical protein CJJ07_003304 [[Candida] auris]
Cand_auris|CJI97_004172	gb|PSK76856.1|	5	46.667	45	22	9.7	hypothetical protein CJJ07_003304 [[Candida] auris]
Cand_auris|CJI97_004172	ref|XP_025335677.1|	26	29.703	404	188	0.002	uncharacterized protein CXQ87_002884 [[Candida] duobushaemulonis]
Cand_auris|CJI97_004172	ref|XP_025335677.1|	26	30.045	669	301	0.51	uncharacterized protein CXQ87_002884 [[Candida] duobushaemulonis]
Cand_auris|CJI97_004172	ref|XP_024714320.1|	6	34.673	199	91	0.11	hypothetical protein C7M61_002447 [[Candida] pseudohaemulonis]
# BLAST processed 1 queries
