# BLASTP 2.10.0+
# Query: C._auris_uncharacterized_protein_CJI97_001995_[XP_028891589.1]
# Database: ../data/blastdb/all_for_blast_protein
# Fields: query id, subject id, % query coverage per subject, % identity, alignment length, mismatches, evalue, subject title
# 455 hits found
C._auris_uncharacterized_protein_CJI97_001995_[XP_028891589.1]	ref|XP_028891589.1|	100	100.000	1447	0	0.0	uncharacterized protein CJI97_001995 [[Candida] auris]
C._auris_uncharacterized_protein_CJI97_001995_[XP_028891589.1]	gb|PSK49337.1|	100	99.931	1447	1	0.0	hypothetical protein CJI96_001739 [[Candida] auris]
C._auris_uncharacterized_protein_CJI97_001995_[XP_028891589.1]	gb|PIS54672.1|	100	99.931	1447	1	0.0	hypothetical protein B9J08_002451 [[Candida] auris]
C._auris_uncharacterized_protein_CJI97_001995_[XP_028891589.1]	gb|KND97668.2|	100	99.931	1447	1	0.0	hypothetical protein QG37_06069 [[Candida] auris]
C._auris_uncharacterized_protein_CJI97_001995_[XP_028891589.1]	gb|PSK76491.1|	100	99.862	1447	2	0.0	hypothetical protein CJJ07_003716 [[Candida] auris]
C._auris_uncharacterized_protein_CJI97_001995_[XP_028891589.1]	ref|XP_025337524.1|	100	89.931	1450	138	0.0	uncharacterized protein CXQ87_004879 [[Candida] duobushaemulonis]
C._auris_uncharacterized_protein_CJI97_001995_[XP_028891589.1]	ref|XP_024712195.1|	100	89.703	1447	144	0.0	hypothetical protein C7M61_004203 [[Candida] pseudohaemulonis]
C._auris_uncharacterized_protein_CJI97_001995_[XP_028891589.1]	ref|XP_025343427.1|	100	89.862	1450	122	0.0	hypothetical protein CXQ85_005056 [[Candida] haemulonis]
C._auris_uncharacterized_protein_CJI97_001995_[XP_028891589.1]	ref|XP_025335191.1|	99	68.163	1448	452	0.0	uncharacterized protein CXQ87_002379 [[Candida] duobushaemulonis]
C._auris_uncharacterized_protein_CJI97_001995_[XP_028891589.1]	gb|PIS59014.1|	99	67.953	1451	449	0.0	hypothetical protein B9J08_000479 [[Candida] auris]
C._auris_uncharacterized_protein_CJI97_001995_[XP_028891589.1]	gb|KND95627.2|	99	67.953	1451	449	0.0	hypothetical protein QG37_07942 [[Candida] auris]
C._auris_uncharacterized_protein_CJI97_001995_[XP_028891589.1]	ref|XP_024713282.1|	97	69.095	1414	426	0.0	hypothetical protein C7M61_003017 [[Candida] pseudohaemulonis]
C._auris_uncharacterized_protein_CJI97_001995_[XP_028891589.1]	ref|XP_028892864.1|	99	67.884	1451	450	0.0	uncharacterized protein CJI97_000479 [[Candida] auris]
C._auris_uncharacterized_protein_CJI97_001995_[XP_028891589.1]	gb|PSK75575.1|	99	67.677	1451	453	0.0	hypothetical protein CJJ07_004649 [[Candida] auris]
C._auris_uncharacterized_protein_CJI97_001995_[XP_028891589.1]	gb|PSK44490.1|	95	68.836	1383	421	0.0	hypothetical protein CJI96_003892 [[Candida] auris]
C._auris_uncharacterized_protein_CJI97_001995_[XP_028891589.1]	ref|XP_717617.2|	99	64.751	1444	482	0.0	Cdr4p [Candida albicans SC5314]
C._auris_uncharacterized_protein_CJI97_001995_[XP_028891589.1]	ref|XP_025339986.1|	99	63.129	1451	463	0.0	hypothetical protein CXQ85_001341 [[Candida] haemulonis]
C._auris_uncharacterized_protein_CJI97_001995_[XP_028891589.1]	ref|XP_723209.2|	99	60.935	1454	549	0.0	ATP-binding cassette multidrug transporter [Candida albicans SC5314]
C._auris_uncharacterized_protein_CJI97_001995_[XP_028891589.1]	ref|XP_003870833.1|	98	61.592	1432	529	0.0	hypothetical protein CORT_0G00140 [Candida orthopsilosis Co 90-125]
C._auris_uncharacterized_protein_CJI97_001995_[XP_028891589.1]	ref|XP_028892569.1|	99	60.616	1460	553	0.0	multidrug resistance protein CDR1 [[Candida] auris]
C._auris_uncharacterized_protein_CJI97_001995_[XP_028891589.1]	gb|PSK78938.1|	99	60.616	1460	553	0.0	multidrug resistance protein CDR1 [[Candida] auris]
C._auris_uncharacterized_protein_CJI97_001995_[XP_028891589.1]	gb|PIS58716.1|	99	60.616	1460	553	0.0	multidrug resistance protein CDR1 [[Candida] auris]
C._auris_uncharacterized_protein_CJI97_001995_[XP_028891589.1]	gb|KNE00610.2|	99	60.548	1460	554	0.0	hypothetical protein QG37_02647 [[Candida] auris]
C._auris_uncharacterized_protein_CJI97_001995_[XP_028891589.1]	gb|PSK49065.1|	99	60.548	1460	554	0.0	multidrug resistance protein CDR1 [[Candida] auris]
C._auris_uncharacterized_protein_CJI97_001995_[XP_028891589.1]	ref|XP_025342146.1|	99	59.877	1458	568	0.0	multidrug resistance protein CDR1 [[Candida] haemulonis]
C._auris_uncharacterized_protein_CJI97_001995_[XP_028891589.1]	ref|XP_723169.1|	99	58.775	1453	583	0.0	Cdr2p [Candida albicans SC5314]
C._auris_uncharacterized_protein_CJI97_001995_[XP_028891589.1]	ref|XP_025335526.1|	99	59.836	1459	566	0.0	multidrug resistance protein CDR1 [[Candida] duobushaemulonis]
C._auris_uncharacterized_protein_CJI97_001995_[XP_028891589.1]	ref|XP_024714913.1|	99	59.767	1459	567	0.0	multidrug resistance protein CDR1 [[Candida] pseudohaemulonis]
C._auris_uncharacterized_protein_CJI97_001995_[XP_028891589.1]	ref|XP_029322981.1|	99	59.375	1440	564	0.0	uncharacterized protein C5L36_0D02470 [Pichia kudriavzevii]
C._auris_uncharacterized_protein_CJI97_001995_[XP_028891589.1]	ref|XP_029322982.1|	99	59.236	1440	566	0.0	uncharacterized protein C5L36_0D02490 [Pichia kudriavzevii]
C._auris_uncharacterized_protein_CJI97_001995_[XP_028891589.1]	ref|XP_710998.2|	99	58.328	1471	577	0.0	Cdr11p [Candida albicans SC5314]
C._auris_uncharacterized_protein_CJI97_001995_[XP_028891589.1]	ref|XP_003870080.1|	99	56.599	1470	605	0.0	Cdr3 transporter [Candida orthopsilosis Co 90-125]
C._auris_uncharacterized_protein_CJI97_001995_[XP_028891589.1]	ref|XP_029323971.1|	100	56.986	1453	602	0.0	uncharacterized protein C5L36_0E05500 [Pichia kudriavzevii]
C._auris_uncharacterized_protein_CJI97_001995_[XP_028891589.1]	ref|XP_028889362.1|	99	39.698	1456	821	0.0	uncharacterized protein CJI97_004516 [[Candida] auris]
C._auris_uncharacterized_protein_CJI97_001995_[XP_028891589.1]	gb|PSK79719.1|	99	39.698	1456	821	0.0	hypothetical protein CJJ07_000342 [[Candida] auris]
C._auris_uncharacterized_protein_CJI97_001995_[XP_028891589.1]	gb|PIS50624.1|	99	39.698	1456	821	0.0	hypothetical protein B9J08_004452 [[Candida] auris]
C._auris_uncharacterized_protein_CJI97_001995_[XP_028891589.1]	gb|KND98528.2|	99	39.698	1456	821	0.0	hypothetical protein QG37_04421 [[Candida] auris]
C._auris_uncharacterized_protein_CJI97_001995_[XP_028891589.1]	gb|PSK44033.1|	99	39.629	1456	822	0.0	hypothetical protein CJI96_004154 [[Candida] auris]
C._auris_uncharacterized_protein_CJI97_001995_[XP_028891589.1]	ref|XP_025341633.1|	99	39.205	1459	834	0.0	hypothetical protein CXQ85_004197 [[Candida] haemulonis]
C._auris_uncharacterized_protein_CJI97_001995_[XP_028891589.1]	gb|PSK76605.1|	97	39.958	1419	803	0.0	hypothetical protein CJJ07_003564 [[Candida] auris]
C._auris_uncharacterized_protein_CJI97_001995_[XP_028891589.1]	gb|PIS56588.1|	99	39.398	1462	828	0.0	hypothetical protein B9J08_001125 [[Candida] auris]
C._auris_uncharacterized_protein_CJI97_001995_[XP_028891589.1]	ref|XP_028892116.1|	97	39.958	1419	803	0.0	uncharacterized protein CJI97_001481 [[Candida] auris]
C._auris_uncharacterized_protein_CJI97_001995_[XP_028891589.1]	gb|KNE02386.2|	97	39.958	1419	803	0.0	atp dependent transporter multidrug resistance [[Candida] auris]
C._auris_uncharacterized_protein_CJI97_001995_[XP_028891589.1]	gb|PSK47350.1|	97	39.887	1419	804	0.0	hypothetical protein CJI96_002727 [[Candida] auris]
C._auris_uncharacterized_protein_CJI97_001995_[XP_028891589.1]	ref|XP_025336316.1|	95	39.828	1396	810	0.0	uncharacterized protein CXQ87_003215 [[Candida] duobushaemulonis]
C._auris_uncharacterized_protein_CJI97_001995_[XP_028891589.1]	ref|XP_025343991.1|	97	39.366	1420	810	0.0	hypothetical protein CXQ85_002777 [[Candida] haemulonis]
C._auris_uncharacterized_protein_CJI97_001995_[XP_028891589.1]	ref|XP_003871444.1|	94	39.898	1376	792	0.0	Snq2 protein [Candida orthopsilosis Co 90-125]
C._auris_uncharacterized_protein_CJI97_001995_[XP_028891589.1]	ref|XP_718095.2|	94	39.014	1379	811	0.0	ATP-binding cassette transporter [Candida albicans SC5314]
C._auris_uncharacterized_protein_CJI97_001995_[XP_028891589.1]	ref|XP_029322745.1|	99	37.873	1476	856	0.0	uncharacterized protein C5L36_0C11740 [Pichia kudriavzevii]
C._auris_uncharacterized_protein_CJI97_001995_[XP_028891589.1]	ref|XP_029321540.1|	99	37.865	1471	863	0.0	uncharacterized protein C5L36_0B12900 [Pichia kudriavzevii]
C._auris_uncharacterized_protein_CJI97_001995_[XP_028891589.1]	ref|XP_029321550.1|	99	37.154	1483	866	0.0	uncharacterized protein C5L36_0C00180 [Pichia kudriavzevii]
C._auris_uncharacterized_protein_CJI97_001995_[XP_028891589.1]	ref|XP_029320859.1|	100	38.063	1487	852	0.0	uncharacterized protein C5L36_0B06280 [Pichia kudriavzevii]
C._auris_uncharacterized_protein_CJI97_001995_[XP_028891589.1]	ref|XP_029323087.1|	99	37.209	1462	878	0.0	uncharacterized protein C5L36_0D03440 [Pichia kudriavzevii]
C._auris_uncharacterized_protein_CJI97_001995_[XP_028891589.1]	ref|XP_029322159.1|	91	38.644	1136	673	0.0	uncharacterized protein C5L36_0C06065 [Pichia kudriavzevii]
C._auris_uncharacterized_protein_CJI97_001995_[XP_028891589.1]	ref|XP_029322159.1|	91	21.770	565	378	2.54e-20	uncharacterized protein C5L36_0C06065 [Pichia kudriavzevii]
C._auris_uncharacterized_protein_CJI97_001995_[XP_028891589.1]	ref|XP_024711322.1|	96	37.487	931	536	0.0	hypothetical protein C7M61_005207 [[Candida] pseudohaemulonis]
C._auris_uncharacterized_protein_CJI97_001995_[XP_028891589.1]	ref|XP_024711322.1|	96	22.799	693	426	4.60e-27	hypothetical protein C7M61_005207 [[Candida] pseudohaemulonis]
C._auris_uncharacterized_protein_CJI97_001995_[XP_028891589.1]	ref|XP_024711582.1|	69	42.226	521	291	5.13e-131	hypothetical protein C7M61_004888 [[Candida] pseudohaemulonis]
C._auris_uncharacterized_protein_CJI97_001995_[XP_028891589.1]	ref|XP_024711582.1|	69	22.374	514	347	4.51e-18	hypothetical protein C7M61_004888 [[Candida] pseudohaemulonis]
C._auris_uncharacterized_protein_CJI97_001995_[XP_028891589.1]	ref|XP_003870369.2|	21	58.710	310	124	1.16e-124	hypothetical protein CORT_0E06580, partial [Candida orthopsilosis Co 90-125]
C._auris_uncharacterized_protein_CJI97_001995_[XP_028891589.1]	ref|XP_709954.2|	26	49.077	379	190	4.82e-124	Cdr3p [Candida albicans SC5314]
C._auris_uncharacterized_protein_CJI97_001995_[XP_028891589.1]	ref|XP_003870368.2|	21	58.065	310	126	1.90e-122	Pth1 gluconate transport protein, partial [Candida orthopsilosis Co 90-125]
C._auris_uncharacterized_protein_CJI97_001995_[XP_028891589.1]	ref|XP_003868748.2|	21	56.000	300	128	8.80e-119	hypothetical protein CORT_0C04700, partial [Candida orthopsilosis Co 90-125]
C._auris_uncharacterized_protein_CJI97_001995_[XP_028891589.1]	ref|XP_028887938.1|	72	34.914	464	291	5.22e-97	uncharacterized protein CJI97_005706 [[Candida] auris]
C._auris_uncharacterized_protein_CJI97_001995_[XP_028891589.1]	ref|XP_028887938.1|	72	34.314	204	102	2.95e-24	uncharacterized protein CJI97_005706 [[Candida] auris]
C._auris_uncharacterized_protein_CJI97_001995_[XP_028891589.1]	ref|XP_028887938.1|	72	20.548	511	331	1.88e-11	uncharacterized protein CJI97_005706 [[Candida] auris]
C._auris_uncharacterized_protein_CJI97_001995_[XP_028891589.1]	ref|XP_003868747.1|	17	55.952	252	107	1.97e-96	hypothetical protein CORT_0C04690 [Candida orthopsilosis Co 90-125]
C._auris_uncharacterized_protein_CJI97_001995_[XP_028891589.1]	ref|XP_028887934.1|	50	41.444	374	204	3.17e-92	uncharacterized protein CJI97_005702 [[Candida] auris]
C._auris_uncharacterized_protein_CJI97_001995_[XP_028891589.1]	ref|XP_028887934.1|	50	22.857	385	232	3.55e-14	uncharacterized protein CJI97_005702 [[Candida] auris]
C._auris_uncharacterized_protein_CJI97_001995_[XP_028891589.1]	ref|XP_028887937.1|	43	39.458	332	186	1.47e-74	uncharacterized protein CJI97_005705 [[Candida] auris]
C._auris_uncharacterized_protein_CJI97_001995_[XP_028891589.1]	ref|XP_028887937.1|	43	22.436	312	209	1.44e-07	uncharacterized protein CJI97_005705 [[Candida] auris]
C._auris_uncharacterized_protein_CJI97_001995_[XP_028891589.1]	ref|XP_029322688.1|	89	24.104	1311	849	2.23e-67	uncharacterized protein C5L36_0C11160 [Pichia kudriavzevii]
C._auris_uncharacterized_protein_CJI97_001995_[XP_028891589.1]	ref|XP_029322688.1|	89	25.700	607	402	6.69e-33	uncharacterized protein C5L36_0C11160 [Pichia kudriavzevii]
C._auris_uncharacterized_protein_CJI97_001995_[XP_028891589.1]	ref|XP_003868080.1|	85	24.034	1294	801	2.71e-61	ABC transporter [Candida orthopsilosis Co 90-125]
C._auris_uncharacterized_protein_CJI97_001995_[XP_028891589.1]	ref|XP_003868080.1|	85	27.872	592	319	6.98e-37	ABC transporter [Candida orthopsilosis Co 90-125]
C._auris_uncharacterized_protein_CJI97_001995_[XP_028891589.1]	ref|XP_003868080.1|	85	22.826	552	388	8.66e-22	ABC transporter [Candida orthopsilosis Co 90-125]
C._auris_uncharacterized_protein_CJI97_001995_[XP_028891589.1]	ref|XP_025342740.1|	85	23.813	1285	818	2.82e-60	hypothetical protein CXQ85_000791 [[Candida] haemulonis]
C._auris_uncharacterized_protein_CJI97_001995_[XP_028891589.1]	ref|XP_025342740.1|	85	24.448	589	374	8.45e-30	hypothetical protein CXQ85_000791 [[Candida] haemulonis]
C._auris_uncharacterized_protein_CJI97_001995_[XP_028891589.1]	gb|PSK74856.1|	84	24.646	1270	794	8.76e-59	hypothetical protein CJJ07_005380 [[Candida] auris]
C._auris_uncharacterized_protein_CJI97_001995_[XP_028891589.1]	gb|PSK74856.1|	84	25.135	557	350	5.75e-28	hypothetical protein CJJ07_005380 [[Candida] auris]
C._auris_uncharacterized_protein_CJI97_001995_[XP_028891589.1]	ref|XP_028888500.1|	84	24.646	1270	794	9.15e-59	uncharacterized protein CJI97_005513 [[Candida] auris]
C._auris_uncharacterized_protein_CJI97_001995_[XP_028891589.1]	ref|XP_028888500.1|	84	25.135	557	350	6.58e-28	uncharacterized protein CJI97_005513 [[Candida] auris]
C._auris_uncharacterized_protein_CJI97_001995_[XP_028891589.1]	ref|XP_025337238.1|	84	23.376	1262	817	9.28e-59	uncharacterized protein CXQ87_004170 [[Candida] duobushaemulonis]
C._auris_uncharacterized_protein_CJI97_001995_[XP_028891589.1]	ref|XP_025337238.1|	84	25.490	459	309	2.92e-25	uncharacterized protein CXQ87_004170 [[Candida] duobushaemulonis]
C._auris_uncharacterized_protein_CJI97_001995_[XP_028891589.1]	gb|PIS48728.1|	84	24.429	1269	796	1.17e-58	hypothetical protein B9J08_005430 [[Candida] auris]
C._auris_uncharacterized_protein_CJI97_001995_[XP_028891589.1]	gb|PIS48728.1|	84	25.135	557	350	6.36e-28	hypothetical protein B9J08_005430 [[Candida] auris]
C._auris_uncharacterized_protein_CJI97_001995_[XP_028891589.1]	gb|KND96844.2|	84	24.429	1269	796	1.17e-58	hypothetical protein QG37_06713 [[Candida] auris]
C._auris_uncharacterized_protein_CJI97_001995_[XP_028891589.1]	gb|KND96844.2|	84	25.135	557	350	6.36e-28	hypothetical protein QG37_06713 [[Candida] auris]
C._auris_uncharacterized_protein_CJI97_001995_[XP_028891589.1]	gb|PSK49129.1|	84	24.586	1269	794	1.90e-57	hypothetical protein CJI96_001881 [[Candida] auris]
C._auris_uncharacterized_protein_CJI97_001995_[XP_028891589.1]	gb|PSK49129.1|	84	25.135	557	350	1.10e-27	hypothetical protein CJI96_001881 [[Candida] auris]
C._auris_uncharacterized_protein_CJI97_001995_[XP_028891589.1]	ref|XP_024714542.1|	84	23.719	1269	804	9.44e-57	hypothetical protein C7M61_002016 [[Candida] pseudohaemulonis]
C._auris_uncharacterized_protein_CJI97_001995_[XP_028891589.1]	ref|XP_024714542.1|	84	25.926	459	307	1.76e-27	hypothetical protein C7M61_002016 [[Candida] pseudohaemulonis]
C._auris_uncharacterized_protein_CJI97_001995_[XP_028891589.1]	ref|XP_712956.2|	78	25.067	1113	666	1.08e-53	Roa1p [Candida albicans SC5314]
C._auris_uncharacterized_protein_CJI97_001995_[XP_028891589.1]	ref|XP_712956.2|	78	26.247	461	284	2.09e-35	Roa1p [Candida albicans SC5314]
C._auris_uncharacterized_protein_CJI97_001995_[XP_028891589.1]	ref|XP_712956.2|	78	23.377	539	373	5.61e-24	Roa1p [Candida albicans SC5314]
C._auris_uncharacterized_protein_CJI97_001995_[XP_028891589.1]	ref|XP_029321297.1|	70	28.514	498	287	1.56e-44	uncharacterized protein C5L36_0B10560 [Pichia kudriavzevii]
C._auris_uncharacterized_protein_CJI97_001995_[XP_028891589.1]	ref|XP_029321297.1|	70	24.046	603	422	1.69e-37	uncharacterized protein C5L36_0B10560 [Pichia kudriavzevii]
C._auris_uncharacterized_protein_CJI97_001995_[XP_028891589.1]	ref|XP_028893040.1|	72	26.930	557	330	2.90e-44	uncharacterized protein CJI97_000659 [[Candida] auris]
C._auris_uncharacterized_protein_CJI97_001995_[XP_028891589.1]	ref|XP_028893040.1|	72	24.168	571	382	1.49e-39	uncharacterized protein CJI97_000659 [[Candida] auris]
C._auris_uncharacterized_protein_CJI97_001995_[XP_028891589.1]	gb|PSK74910.1|	72	26.930	557	330	3.21e-44	hypothetical protein CJJ07_005320 [[Candida] auris]
C._auris_uncharacterized_protein_CJI97_001995_[XP_028891589.1]	gb|PSK74910.1|	72	24.168	571	382	1.83e-39	hypothetical protein CJJ07_005320 [[Candida] auris]
C._auris_uncharacterized_protein_CJI97_001995_[XP_028891589.1]	ref|XP_024711900.1|	75	26.354	554	337	6.69e-44	hypothetical protein C7M61_004629 [[Candida] pseudohaemulonis]
C._auris_uncharacterized_protein_CJI97_001995_[XP_028891589.1]	ref|XP_024711900.1|	75	23.633	622	408	1.03e-37	hypothetical protein C7M61_004629 [[Candida] pseudohaemulonis]
C._auris_uncharacterized_protein_CJI97_001995_[XP_028891589.1]	ref|XP_025339915.1|	75	27.110	557	329	9.85e-44	hypothetical protein CXQ85_001267 [[Candida] haemulonis]
C._auris_uncharacterized_protein_CJI97_001995_[XP_028891589.1]	ref|XP_025339915.1|	75	24.020	612	418	2.23e-37	hypothetical protein CXQ85_001267 [[Candida] haemulonis]
C._auris_uncharacterized_protein_CJI97_001995_[XP_028891589.1]	ref|XP_025335118.1|	65	29.902	408	259	1.47e-43	uncharacterized protein CXQ87_002303 [[Candida] duobushaemulonis]
C._auris_uncharacterized_protein_CJI97_001995_[XP_028891589.1]	ref|XP_025335118.1|	65	23.792	538	352	7.52e-33	uncharacterized protein CXQ87_002303 [[Candida] duobushaemulonis]
C._auris_uncharacterized_protein_CJI97_001995_[XP_028891589.1]	gb|PIS58167.1|	72	26.667	555	334	1.97e-43	hypothetical protein B9J08_000657 [[Candida] auris]
C._auris_uncharacterized_protein_CJI97_001995_[XP_028891589.1]	gb|PIS58167.1|	72	24.168	571	382	8.50e-40	hypothetical protein B9J08_000657 [[Candida] auris]
C._auris_uncharacterized_protein_CJI97_001995_[XP_028891589.1]	gb|KND99708.2|	72	26.667	555	334	1.97e-43	hypothetical protein QG37_03121 [[Candida] auris]
C._auris_uncharacterized_protein_CJI97_001995_[XP_028891589.1]	gb|KND99708.2|	72	24.168	571	382	8.50e-40	hypothetical protein QG37_03121 [[Candida] auris]
C._auris_uncharacterized_protein_CJI97_001995_[XP_028891589.1]	gb|PSK52185.1|	72	26.750	557	331	2.44e-43	hypothetical protein CJI96_000475 [[Candida] auris]
C._auris_uncharacterized_protein_CJI97_001995_[XP_028891589.1]	gb|PSK52185.1|	72	24.168	571	382	1.71e-39	hypothetical protein CJI96_000475 [[Candida] auris]
C._auris_uncharacterized_protein_CJI97_001995_[XP_028891589.1]	ref|XP_003869502.1|	68	27.938	519	291	3.46e-40	Adp1 ABC transporter [Candida orthopsilosis Co 90-125]
C._auris_uncharacterized_protein_CJI97_001995_[XP_028891589.1]	ref|XP_003869502.1|	68	29.719	249	164	1.84e-21	Adp1 ABC transporter [Candida orthopsilosis Co 90-125]
C._auris_uncharacterized_protein_CJI97_001995_[XP_028891589.1]	ref|XP_003869502.1|	68	20.690	290	203	0.032	Adp1 ABC transporter [Candida orthopsilosis Co 90-125]
C._auris_uncharacterized_protein_CJI97_001995_[XP_028891589.1]	ref|XP_715429.1|	74	25.365	548	332	1.12e-38	hypothetical protein CAALFM_C406910WA [Candida albicans SC5314]
C._auris_uncharacterized_protein_CJI97_001995_[XP_028891589.1]	ref|XP_715429.1|	74	23.679	549	366	3.46e-36	hypothetical protein CAALFM_C406910WA [Candida albicans SC5314]
C._auris_uncharacterized_protein_CJI97_001995_[XP_028891589.1]	ref|XP_715893.2|	62	39.015	264	147	2.10e-37	putative ATP-dependent permease [Candida albicans SC5314]
C._auris_uncharacterized_protein_CJI97_001995_[XP_028891589.1]	ref|XP_715893.2|	62	28.794	257	174	2.28e-24	putative ATP-dependent permease [Candida albicans SC5314]
C._auris_uncharacterized_protein_CJI97_001995_[XP_028891589.1]	ref|XP_715893.2|	62	19.540	174	132	0.025	putative ATP-dependent permease [Candida albicans SC5314]
C._auris_uncharacterized_protein_CJI97_001995_[XP_028891589.1]	ref|XP_715893.2|	62	20.930	215	159	0.084	putative ATP-dependent permease [Candida albicans SC5314]
C._auris_uncharacterized_protein_CJI97_001995_[XP_028891589.1]	ref|XP_029322158.1|	21	30.052	193	123	2.00e-22	uncharacterized protein C5L36_0C06060 [Pichia kudriavzevii]
C._auris_uncharacterized_protein_CJI97_001995_[XP_028891589.1]	ref|XP_029322158.1|	21	25.217	115	82	1.57e-05	uncharacterized protein C5L36_0C06060 [Pichia kudriavzevii]
C._auris_uncharacterized_protein_CJI97_001995_[XP_028891589.1]	ref|XP_003865971.1|	20	29.885	261	140	3.90e-12	Mdl1 ABC transporter [Candida orthopsilosis Co 90-125]
C._auris_uncharacterized_protein_CJI97_001995_[XP_028891589.1]	ref|XP_003865971.1|	20	28.302	53	38	3.4	Mdl1 ABC transporter [Candida orthopsilosis Co 90-125]
C._auris_uncharacterized_protein_CJI97_001995_[XP_028891589.1]	ref|XP_024715857.1|	15	31.416	226	124	1.51e-11	hypothetical protein C7M61_000831 [[Candida] pseudohaemulonis]
C._auris_uncharacterized_protein_CJI97_001995_[XP_028891589.1]	ref|XP_025341225.1|	18	28.000	275	163	5.57e-11	hypothetical protein CXQ85_002071 [[Candida] haemulonis]
C._auris_uncharacterized_protein_CJI97_001995_[XP_028891589.1]	ref|XP_025340776.1|	15	29.680	219	138	5.92e-11	hypothetical protein CXQ85_003694 [[Candida] haemulonis]
C._auris_uncharacterized_protein_CJI97_001995_[XP_028891589.1]	ref|XP_025338569.1|	15	31.481	216	120	1.47e-10	uncharacterized protein CXQ87_000521 [[Candida] duobushaemulonis]
C._auris_uncharacterized_protein_CJI97_001995_[XP_028891589.1]	ref|XP_025334742.1|	17	26.562	256	171	6.08e-10	uncharacterized protein CXQ87_001920 [[Candida] duobushaemulonis]
C._auris_uncharacterized_protein_CJI97_001995_[XP_028891589.1]	ref|XP_028890956.1|	13	30.882	204	125	7.42e-10	uncharacterized protein CJI97_003738 [[Candida] auris]
C._auris_uncharacterized_protein_CJI97_001995_[XP_028891589.1]	ref|XP_024711792.1|	17	26.562	256	171	8.16e-10	hypothetical protein C7M61_004725 [[Candida] pseudohaemulonis]
C._auris_uncharacterized_protein_CJI97_001995_[XP_028891589.1]	ref|XP_003871494.1|	13	30.769	208	120	8.71e-10	Mdl2 transporter [Candida orthopsilosis Co 90-125]
C._auris_uncharacterized_protein_CJI97_001995_[XP_028891589.1]	ref|XP_025343926.1|	29	29.245	212	130	1.65e-09	iron-sulfur clusters transporter ATM1, mitochondrial [[Candida] haemulonis]
C._auris_uncharacterized_protein_CJI97_001995_[XP_028891589.1]	ref|XP_025343926.1|	29	23.913	230	125	0.013	iron-sulfur clusters transporter ATM1, mitochondrial [[Candida] haemulonis]
C._auris_uncharacterized_protein_CJI97_001995_[XP_028891589.1]	gb|PSK75532.1|	16	30.392	204	126	1.86e-09	hypothetical protein CJJ07_004670 [[Candida] auris]
C._auris_uncharacterized_protein_CJI97_001995_[XP_028891589.1]	gb|PSK75532.1|	16	34.286	35	23	9.9	hypothetical protein CJJ07_004670 [[Candida] auris]
C._auris_uncharacterized_protein_CJI97_001995_[XP_028891589.1]	gb|PIS52052.1|	13	30.392	204	126	1.86e-09	hypothetical protein B9J08_003663 [[Candida] auris]
C._auris_uncharacterized_protein_CJI97_001995_[XP_028891589.1]	gb|KND98355.2|	13	30.392	204	126	1.86e-09	hypothetical protein QG37_04886 [[Candida] auris]
C._auris_uncharacterized_protein_CJI97_001995_[XP_028891589.1]	ref|XP_024712085.1|	29	28.774	212	131	2.67e-09	iron-sulfur clusters transporter ATM1, mitochondrial [[Candida] pseudohaemulonis]
C._auris_uncharacterized_protein_CJI97_001995_[XP_028891589.1]	ref|XP_024712085.1|	29	25.000	232	120	0.010	iron-sulfur clusters transporter ATM1, mitochondrial [[Candida] pseudohaemulonis]
C._auris_uncharacterized_protein_CJI97_001995_[XP_028891589.1]	gb|PSK50161.1|	14	31.100	209	127	3.24e-09	hypothetical protein CJI96_001342 [[Candida] auris]
C._auris_uncharacterized_protein_CJI97_001995_[XP_028891589.1]	gb|PSK44384.1|	16	31.220	205	123	3.37e-09	hypothetical protein CJI96_003972 [[Candida] auris]
C._auris_uncharacterized_protein_CJI97_001995_[XP_028891589.1]	gb|PSK44384.1|	16	34.286	35	23	9.9	hypothetical protein CJI96_003972 [[Candida] auris]
C._auris_uncharacterized_protein_CJI97_001995_[XP_028891589.1]	ref|XP_028890015.1|	14	31.100	209	127	3.43e-09	uncharacterized protein CJI97_002759 [[Candida] auris]
C._auris_uncharacterized_protein_CJI97_001995_[XP_028891589.1]	gb|PIS51133.1|	14	31.100	209	127	3.43e-09	hypothetical protein B9J08_002706 [[Candida] auris]
C._auris_uncharacterized_protein_CJI97_001995_[XP_028891589.1]	gb|PSK75488.1|	14	31.100	209	127	3.58e-09	hypothetical protein CJJ07_004726 [[Candida] auris]
C._auris_uncharacterized_protein_CJI97_001995_[XP_028891589.1]	gb|KND99159.2|	14	31.100	209	127	5.25e-09	hypothetical protein QG37_03955 [[Candida] auris]
C._auris_uncharacterized_protein_CJI97_001995_[XP_028891589.1]	ref|XP_719161.2|	19	25.000	296	172	6.84e-09	Mdl2p [Candida albicans SC5314]
C._auris_uncharacterized_protein_CJI97_001995_[XP_028891589.1]	gb|PSK78779.1|	29	26.442	208	141	1.01e-08	iron-sulfur clusters transporter ATM1, mitochondrial [[Candida] auris]
C._auris_uncharacterized_protein_CJI97_001995_[XP_028891589.1]	gb|PSK78779.1|	29	24.229	227	128	8.27e-04	iron-sulfur clusters transporter ATM1, mitochondrial [[Candida] auris]
C._auris_uncharacterized_protein_CJI97_001995_[XP_028891589.1]	ref|XP_003871472.1|	21	26.609	233	141	2.87e-08	Atm1 protein [Candida orthopsilosis Co 90-125]
C._auris_uncharacterized_protein_CJI97_001995_[XP_028891589.1]	ref|XP_003871472.1|	21	30.380	79	53	0.022	Atm1 protein [Candida orthopsilosis Co 90-125]
C._auris_uncharacterized_protein_CJI97_001995_[XP_028891589.1]	ref|XP_028892185.1|	29	25.962	208	142	3.74e-08	iron-sulfur clusters transporter ATM1, mitochondrial [[Candida] auris]
C._auris_uncharacterized_protein_CJI97_001995_[XP_028891589.1]	ref|XP_028892185.1|	29	24.891	229	124	0.002	iron-sulfur clusters transporter ATM1, mitochondrial [[Candida] auris]
C._auris_uncharacterized_protein_CJI97_001995_[XP_028891589.1]	gb|PIS55082.1|	29	25.962	208	142	3.74e-08	iron-sulfur clusters transporter ATM1, mitochondrial [[Candida] auris]
C._auris_uncharacterized_protein_CJI97_001995_[XP_028891589.1]	gb|PIS55082.1|	29	24.891	229	124	0.002	iron-sulfur clusters transporter ATM1, mitochondrial [[Candida] auris]
C._auris_uncharacterized_protein_CJI97_001995_[XP_028891589.1]	gb|KNE02292.2|	29	25.962	208	142	3.74e-08	hypothetical protein QG37_00545 [[Candida] auris]
C._auris_uncharacterized_protein_CJI97_001995_[XP_028891589.1]	gb|KNE02292.2|	29	24.891	229	124	0.002	hypothetical protein QG37_00545 [[Candida] auris]
C._auris_uncharacterized_protein_CJI97_001995_[XP_028891589.1]	ref|XP_029322466.1|	15	25.909	220	143	4.37e-08	uncharacterized protein C5L36_0C08980 [Pichia kudriavzevii]
C._auris_uncharacterized_protein_CJI97_001995_[XP_028891589.1]	ref|XP_025336249.1|	29	27.830	212	133	4.42e-08	iron-sulfur clusters transporter ATM1, mitochondrial [[Candida] duobushaemulonis]
C._auris_uncharacterized_protein_CJI97_001995_[XP_028891589.1]	ref|XP_025336249.1|	29	24.569	232	121	0.021	iron-sulfur clusters transporter ATM1, mitochondrial [[Candida] duobushaemulonis]
C._auris_uncharacterized_protein_CJI97_001995_[XP_028891589.1]	gb|PSK44329.1|	29	25.837	209	143	4.75e-08	iron-sulfur clusters transporter ATM1, mitochondrial [[Candida] auris]
C._auris_uncharacterized_protein_CJI97_001995_[XP_028891589.1]	gb|PSK44329.1|	29	24.891	229	124	0.002	iron-sulfur clusters transporter ATM1, mitochondrial [[Candida] auris]
C._auris_uncharacterized_protein_CJI97_001995_[XP_028891589.1]	ref|XP_029321091.1|	27	26.941	219	135	8.45e-08	uncharacterized protein C5L36_0B08590 [Pichia kudriavzevii]
C._auris_uncharacterized_protein_CJI97_001995_[XP_028891589.1]	ref|XP_029321091.1|	27	24.157	178	119	0.089	uncharacterized protein C5L36_0B08590 [Pichia kudriavzevii]
C._auris_uncharacterized_protein_CJI97_001995_[XP_028891589.1]	ref|XP_712090.2|	17	26.852	216	130	1.13e-07	ATP-binding cassette Fe/S cluster precursor transporter [Candida albicans SC5314]
C._auris_uncharacterized_protein_CJI97_001995_[XP_028891589.1]	ref|XP_712090.2|	17	28.889	45	32	0.47	ATP-binding cassette Fe/S cluster precursor transporter [Candida albicans SC5314]
C._auris_uncharacterized_protein_CJI97_001995_[XP_028891589.1]	ref|XP_025340260.1|	14	26.087	207	140	2.23e-07	hypothetical protein CXQ85_001627 [[Candida] haemulonis]
C._auris_uncharacterized_protein_CJI97_001995_[XP_028891589.1]	ref|XP_718280.1|	29	26.923	234	130	2.78e-07	ATP-binding cassette permease [Candida albicans SC5314]
C._auris_uncharacterized_protein_CJI97_001995_[XP_028891589.1]	ref|XP_718280.1|	29	23.810	210	136	0.47	ATP-binding cassette permease [Candida albicans SC5314]
C._auris_uncharacterized_protein_CJI97_001995_[XP_028891589.1]	ref|XP_025336169.1|	16	25.000	224	150	1.16e-06	uncharacterized protein CXQ87_003067 [[Candida] duobushaemulonis]
C._auris_uncharacterized_protein_CJI97_001995_[XP_028891589.1]	ref|XP_025336169.1|	16	24.737	190	122	0.077	uncharacterized protein CXQ87_003067 [[Candida] duobushaemulonis]
C._auris_uncharacterized_protein_CJI97_001995_[XP_028891589.1]	ref|XP_025341962.1|	36	25.926	216	147	1.22e-06	hypothetical protein CXQ85_004540 [[Candida] haemulonis]
C._auris_uncharacterized_protein_CJI97_001995_[XP_028891589.1]	ref|XP_025341962.1|	36	24.658	219	144	0.030	hypothetical protein CXQ85_004540 [[Candida] haemulonis]
C._auris_uncharacterized_protein_CJI97_001995_[XP_028891589.1]	ref|XP_025341962.1|	36	21.767	317	196	0.70	hypothetical protein CXQ85_004540 [[Candida] haemulonis]
C._auris_uncharacterized_protein_CJI97_001995_[XP_028891589.1]	ref|XP_029321092.1|	27	26.906	223	134	2.04e-06	uncharacterized protein C5L36_0B08600 [Pichia kudriavzevii]
C._auris_uncharacterized_protein_CJI97_001995_[XP_028891589.1]	ref|XP_029321092.1|	27	24.157	178	119	0.060	uncharacterized protein C5L36_0B08600 [Pichia kudriavzevii]
C._auris_uncharacterized_protein_CJI97_001995_[XP_028891589.1]	ref|XP_721532.1|	26	26.667	210	133	2.58e-06	Fe-S cluster-binding ribosome biosynthesis protein [Candida albicans SC5314]
C._auris_uncharacterized_protein_CJI97_001995_[XP_028891589.1]	ref|XP_721532.1|	26	26.455	189	110	0.018	Fe-S cluster-binding ribosome biosynthesis protein [Candida albicans SC5314]
C._auris_uncharacterized_protein_CJI97_001995_[XP_028891589.1]	ref|XP_721532.1|	26	23.494	166	99	6.3	Fe-S cluster-binding ribosome biosynthesis protein [Candida albicans SC5314]
C._auris_uncharacterized_protein_CJI97_001995_[XP_028891589.1]	gb|PSK78315.1|	28	24.889	225	140	3.96e-06	hypothetical protein CJJ07_001855 [[Candida] auris]
C._auris_uncharacterized_protein_CJI97_001995_[XP_028891589.1]	gb|PSK78315.1|	28	21.106	199	129	1.6	hypothetical protein CJJ07_001855 [[Candida] auris]
C._auris_uncharacterized_protein_CJI97_001995_[XP_028891589.1]	ref|XP_028888002.1|	28	25.333	225	139	4.53e-06	uncharacterized protein CJI97_004997 [[Candida] auris]
C._auris_uncharacterized_protein_CJI97_001995_[XP_028891589.1]	ref|XP_028888002.1|	28	21.106	199	129	0.74	uncharacterized protein CJI97_004997 [[Candida] auris]
C._auris_uncharacterized_protein_CJI97_001995_[XP_028891589.1]	gb|PIS48229.1|	28	25.333	225	139	4.53e-06	hypothetical protein B9J08_004913 [[Candida] auris]
C._auris_uncharacterized_protein_CJI97_001995_[XP_028891589.1]	gb|PIS48229.1|	28	21.106	199	129	0.74	hypothetical protein B9J08_004913 [[Candida] auris]
C._auris_uncharacterized_protein_CJI97_001995_[XP_028891589.1]	gb|PSK43301.1|	28	25.333	225	139	4.93e-06	hypothetical protein CJI96_004531 [[Candida] auris]
C._auris_uncharacterized_protein_CJI97_001995_[XP_028891589.1]	gb|PSK43301.1|	28	21.106	199	129	0.71	hypothetical protein CJI96_004531 [[Candida] auris]
C._auris_uncharacterized_protein_CJI97_001995_[XP_028891589.1]	gb|KNE01669.2|	28	25.333	225	139	5.33e-06	hypothetical protein QG37_01004 [[Candida] auris]
C._auris_uncharacterized_protein_CJI97_001995_[XP_028891589.1]	gb|KNE01669.2|	28	21.106	199	129	0.75	hypothetical protein QG37_01004 [[Candida] auris]
C._auris_uncharacterized_protein_CJI97_001995_[XP_028891589.1]	ref|XP_024712165.1|	16	24.554	224	151	5.76e-06	hypothetical protein C7M61_004463 [[Candida] pseudohaemulonis]
C._auris_uncharacterized_protein_CJI97_001995_[XP_028891589.1]	ref|XP_024712165.1|	16	25.263	190	121	0.061	hypothetical protein C7M61_004463 [[Candida] pseudohaemulonis]
C._auris_uncharacterized_protein_CJI97_001995_[XP_028891589.1]	ref|XP_025338390.1|	29	26.131	199	114	7.08e-06	uncharacterized protein CXQ87_000336 [[Candida] duobushaemulonis]
C._auris_uncharacterized_protein_CJI97_001995_[XP_028891589.1]	ref|XP_025338390.1|	29	22.822	241	157	0.001	uncharacterized protein CXQ87_000336 [[Candida] duobushaemulonis]
C._auris_uncharacterized_protein_CJI97_001995_[XP_028891589.1]	ref|XP_025338390.1|	29	24.775	222	143	0.030	uncharacterized protein CXQ87_000336 [[Candida] duobushaemulonis]
C._auris_uncharacterized_protein_CJI97_001995_[XP_028891589.1]	ref|XP_003867583.1|	26	27.326	172	111	7.57e-06	hypothetical protein CORT_0B04390 [Candida orthopsilosis Co 90-125]
C._auris_uncharacterized_protein_CJI97_001995_[XP_028891589.1]	ref|XP_003867583.1|	26	25.238	210	141	0.027	hypothetical protein CORT_0B04390 [Candida orthopsilosis Co 90-125]
C._auris_uncharacterized_protein_CJI97_001995_[XP_028891589.1]	ref|XP_025341050.1|	33	25.628	199	115	7.59e-06	hypothetical protein CXQ85_001890 [[Candida] haemulonis]
C._auris_uncharacterized_protein_CJI97_001995_[XP_028891589.1]	ref|XP_025341050.1|	33	24.138	232	131	0.002	hypothetical protein CXQ85_001890 [[Candida] haemulonis]
C._auris_uncharacterized_protein_CJI97_001995_[XP_028891589.1]	ref|XP_025341050.1|	33	22.789	294	174	0.060	hypothetical protein CXQ85_001890 [[Candida] haemulonis]
C._auris_uncharacterized_protein_CJI97_001995_[XP_028891589.1]	ref|XP_003868123.1|	27	25.806	217	126	1.14e-05	Rli1 protein [Candida orthopsilosis Co 90-125]
C._auris_uncharacterized_protein_CJI97_001995_[XP_028891589.1]	ref|XP_003868123.1|	27	25.258	194	106	0.70	Rli1 protein [Candida orthopsilosis Co 90-125]
C._auris_uncharacterized_protein_CJI97_001995_[XP_028891589.1]	ref|XP_003868123.1|	27	24.607	191	116	1.2	Rli1 protein [Candida orthopsilosis Co 90-125]
C._auris_uncharacterized_protein_CJI97_001995_[XP_028891589.1]	ref|XP_025341655.1|	40	21.659	434	282	1.30e-05	hypothetical protein CXQ85_004219 [[Candida] haemulonis]
C._auris_uncharacterized_protein_CJI97_001995_[XP_028891589.1]	ref|XP_025341655.1|	40	27.711	166	108	1.08e-04	hypothetical protein CXQ85_004219 [[Candida] haemulonis]
C._auris_uncharacterized_protein_CJI97_001995_[XP_028891589.1]	ref|XP_025341655.1|	40	25.134	187	120	0.015	hypothetical protein CXQ85_004219 [[Candida] haemulonis]
C._auris_uncharacterized_protein_CJI97_001995_[XP_028891589.1]	ref|XP_029323833.1|	26	27.232	224	128	1.39e-05	uncharacterized protein C5L36_0E04120 [Pichia kudriavzevii]
C._auris_uncharacterized_protein_CJI97_001995_[XP_028891589.1]	ref|XP_029323833.1|	26	26.012	173	113	0.001	uncharacterized protein C5L36_0E04120 [Pichia kudriavzevii]
C._auris_uncharacterized_protein_CJI97_001995_[XP_028891589.1]	ref|XP_003869636.1|	30	28.571	210	121	1.59e-05	hypothetical protein CORT_0D06690 [Candida orthopsilosis Co 90-125]
C._auris_uncharacterized_protein_CJI97_001995_[XP_028891589.1]	ref|XP_003869636.1|	30	25.105	239	128	0.005	hypothetical protein CORT_0D06690 [Candida orthopsilosis Co 90-125]
C._auris_uncharacterized_protein_CJI97_001995_[XP_028891589.1]	ref|XP_003869636.1|	30	20.833	216	138	0.21	hypothetical protein CORT_0D06690 [Candida orthopsilosis Co 90-125]
C._auris_uncharacterized_protein_CJI97_001995_[XP_028891589.1]	ref|XP_025343847.1|	19	25.112	223	151	1.84e-05	hypothetical protein CXQ85_002632 [[Candida] haemulonis]
C._auris_uncharacterized_protein_CJI97_001995_[XP_028891589.1]	ref|XP_025343847.1|	19	23.050	282	175	0.019	hypothetical protein CXQ85_002632 [[Candida] haemulonis]
C._auris_uncharacterized_protein_CJI97_001995_[XP_028891589.1]	ref|XP_003868643.1|	31	26.695	236	145	2.48e-05	Hst6 ABC transporter [Candida orthopsilosis Co 90-125]
C._auris_uncharacterized_protein_CJI97_001995_[XP_028891589.1]	ref|XP_003868643.1|	31	23.707	232	154	0.002	Hst6 ABC transporter [Candida orthopsilosis Co 90-125]
C._auris_uncharacterized_protein_CJI97_001995_[XP_028891589.1]	ref|XP_003868643.1|	31	27.219	169	110	0.005	Hst6 ABC transporter [Candida orthopsilosis Co 90-125]
C._auris_uncharacterized_protein_CJI97_001995_[XP_028891589.1]	gb|PSK52815.1|	29	25.126	199	116	2.79e-05	hypothetical protein CJI96_000177 [[Candida] auris]
C._auris_uncharacterized_protein_CJI97_001995_[XP_028891589.1]	gb|PSK52815.1|	29	24.020	204	126	6.69e-04	hypothetical protein CJI96_000177 [[Candida] auris]
C._auris_uncharacterized_protein_CJI97_001995_[XP_028891589.1]	gb|PSK52815.1|	29	25.551	227	136	0.010	hypothetical protein CJI96_000177 [[Candida] auris]
C._auris_uncharacterized_protein_CJI97_001995_[XP_028891589.1]	gb|PSK76958.1|	29	25.126	199	116	2.93e-05	hypothetical protein CJJ07_003208 [[Candida] auris]
C._auris_uncharacterized_protein_CJI97_001995_[XP_028891589.1]	gb|PSK76958.1|	29	24.020	204	126	2.58e-04	hypothetical protein CJJ07_003208 [[Candida] auris]
C._auris_uncharacterized_protein_CJI97_001995_[XP_028891589.1]	gb|PSK76958.1|	29	26.432	227	134	0.001	hypothetical protein CJJ07_003208 [[Candida] auris]
C._auris_uncharacterized_protein_CJI97_001995_[XP_028891589.1]	ref|XP_028889823.1|	30	25.126	199	116	2.96e-05	uncharacterized protein CJI97_002560 [[Candida] auris]
C._auris_uncharacterized_protein_CJI97_001995_[XP_028891589.1]	ref|XP_028889823.1|	30	23.697	211	132	9.79e-05	uncharacterized protein CJI97_002560 [[Candida] auris]
C._auris_uncharacterized_protein_CJI97_001995_[XP_028891589.1]	ref|XP_028889823.1|	30	25.991	227	135	0.002	uncharacterized protein CJI97_002560 [[Candida] auris]
C._auris_uncharacterized_protein_CJI97_001995_[XP_028891589.1]	gb|PIS55793.1|	29	25.126	199	116	3.01e-05	hypothetical protein B9J08_001899 [[Candida] auris]
C._auris_uncharacterized_protein_CJI97_001995_[XP_028891589.1]	gb|PIS55793.1|	29	24.510	204	125	1.34e-04	hypothetical protein B9J08_001899 [[Candida] auris]
C._auris_uncharacterized_protein_CJI97_001995_[XP_028891589.1]	gb|PIS55793.1|	29	25.991	227	135	0.002	hypothetical protein B9J08_001899 [[Candida] auris]
C._auris_uncharacterized_protein_CJI97_001995_[XP_028891589.1]	ref|XP_024711669.1|	14	26.047	215	128	3.03e-05	hypothetical protein C7M61_004796 [[Candida] pseudohaemulonis]
C._auris_uncharacterized_protein_CJI97_001995_[XP_028891589.1]	ref|XP_025337650.1|	14	24.519	208	134	3.33e-05	uncharacterized protein CXQ87_005006 [[Candida] duobushaemulonis]
C._auris_uncharacterized_protein_CJI97_001995_[XP_028891589.1]	ref|XP_025337650.1|	14	26.852	216	119	0.003	uncharacterized protein CXQ87_005006 [[Candida] duobushaemulonis]
C._auris_uncharacterized_protein_CJI97_001995_[XP_028891589.1]	ref|XP_025343115.1|	31	25.114	219	141	3.85e-05	hypothetical protein CXQ85_004845 [[Candida] haemulonis]
C._auris_uncharacterized_protein_CJI97_001995_[XP_028891589.1]	ref|XP_025343115.1|	31	19.495	277	178	2.3	hypothetical protein CXQ85_004845 [[Candida] haemulonis]
C._auris_uncharacterized_protein_CJI97_001995_[XP_028891589.1]	ref|XP_025336722.1|	30	25.352	213	132	3.92e-05	uncharacterized protein CXQ87_003636 [[Candida] duobushaemulonis]
C._auris_uncharacterized_protein_CJI97_001995_[XP_028891589.1]	ref|XP_025336722.1|	30	17.269	249	165	7.4	uncharacterized protein CXQ87_003636 [[Candida] duobushaemulonis]
C._auris_uncharacterized_protein_CJI97_001995_[XP_028891589.1]	ref|XP_025341960.1|	30	27.778	234	144	4.11e-05	hypothetical protein CXQ85_004538 [[Candida] haemulonis]
C._auris_uncharacterized_protein_CJI97_001995_[XP_028891589.1]	ref|XP_025341960.1|	30	23.148	216	131	0.042	hypothetical protein CXQ85_004538 [[Candida] haemulonis]
C._auris_uncharacterized_protein_CJI97_001995_[XP_028891589.1]	ref|XP_029323277.1|	13	27.570	214	111	4.19e-05	uncharacterized protein C5L36_0D05260 [Pichia kudriavzevii]
C._auris_uncharacterized_protein_CJI97_001995_[XP_028891589.1]	ref|XP_028892269.1|	16	24.000	225	151	4.97e-05	uncharacterized protein CJI97_001635 [[Candida] auris]
C._auris_uncharacterized_protein_CJI97_001995_[XP_028891589.1]	ref|XP_028892269.1|	16	24.731	186	119	0.58	uncharacterized protein CJI97_001635 [[Candida] auris]
C._auris_uncharacterized_protein_CJI97_001995_[XP_028891589.1]	ref|XP_025343090.1|	16	25.292	257	151	5.19e-05	translation elongation factor G [[Candida] haemulonis]
C._auris_uncharacterized_protein_CJI97_001995_[XP_028891589.1]	gb|PIS54996.1|	16	24.000	225	151	5.32e-05	hypothetical protein B9J08_002146 [[Candida] auris]
C._auris_uncharacterized_protein_CJI97_001995_[XP_028891589.1]	gb|PIS54996.1|	16	24.731	186	119	0.60	hypothetical protein B9J08_002146 [[Candida] auris]
C._auris_uncharacterized_protein_CJI97_001995_[XP_028891589.1]	gb|KNE02603.2|	16	24.000	225	151	5.41e-05	hypothetical protein QG37_00417 [[Candida] auris]
C._auris_uncharacterized_protein_CJI97_001995_[XP_028891589.1]	gb|KNE02603.2|	16	24.731	186	119	0.59	hypothetical protein QG37_00417 [[Candida] auris]
C._auris_uncharacterized_protein_CJI97_001995_[XP_028891589.1]	gb|PSK76321.1|	16	24.000	225	151	5.50e-05	hypothetical protein CJJ07_003839 [[Candida] auris]
C._auris_uncharacterized_protein_CJI97_001995_[XP_028891589.1]	gb|PSK76321.1|	16	24.194	186	120	2.9	hypothetical protein CJJ07_003839 [[Candida] auris]
C._auris_uncharacterized_protein_CJI97_001995_[XP_028891589.1]	gb|PSK46639.1|	16	24.000	225	151	5.50e-05	hypothetical protein CJI96_003116 [[Candida] auris]
C._auris_uncharacterized_protein_CJI97_001995_[XP_028891589.1]	gb|PSK46639.1|	16	24.731	186	119	0.58	hypothetical protein CJI96_003116 [[Candida] auris]
C._auris_uncharacterized_protein_CJI97_001995_[XP_028891589.1]	ref|XP_029320583.1|	47	23.305	236	146	6.14e-05	uncharacterized protein C5L36_0B03570 [Pichia kudriavzevii]
C._auris_uncharacterized_protein_CJI97_001995_[XP_028891589.1]	ref|XP_029320583.1|	47	21.654	508	285	0.35	uncharacterized protein C5L36_0B03570 [Pichia kudriavzevii]
C._auris_uncharacterized_protein_CJI97_001995_[XP_028891589.1]	gb|PSK77541.1|	14	26.047	215	137	6.19e-05	hypothetical protein CJJ07_002642 [[Candida] auris]
C._auris_uncharacterized_protein_CJI97_001995_[XP_028891589.1]	ref|XP_024716028.1|	32	21.739	230	147	6.24e-05	hypothetical protein C7M61_001010 [[Candida] pseudohaemulonis]
C._auris_uncharacterized_protein_CJI97_001995_[XP_028891589.1]	ref|XP_024716028.1|	32	22.634	243	159	0.002	hypothetical protein C7M61_001010 [[Candida] pseudohaemulonis]
C._auris_uncharacterized_protein_CJI97_001995_[XP_028891589.1]	ref|XP_024716028.1|	32	22.747	233	133	0.055	hypothetical protein C7M61_001010 [[Candida] pseudohaemulonis]
C._auris_uncharacterized_protein_CJI97_001995_[XP_028891589.1]	ref|XP_025334398.1|	32	26.496	234	139	6.25e-05	uncharacterized protein CXQ87_001562 [[Candida] duobushaemulonis]
C._auris_uncharacterized_protein_CJI97_001995_[XP_028891589.1]	ref|XP_025334398.1|	32	21.649	291	182	0.021	uncharacterized protein CXQ87_001562 [[Candida] duobushaemulonis]
C._auris_uncharacterized_protein_CJI97_001995_[XP_028891589.1]	ref|XP_025334398.1|	32	23.762	202	118	0.11	uncharacterized protein CXQ87_001562 [[Candida] duobushaemulonis]
C._auris_uncharacterized_protein_CJI97_001995_[XP_028891589.1]	gb|PSK42609.1|	14	26.047	215	137	6.57e-05	hypothetical protein CJI96_004794 [[Candida] auris]
C._auris_uncharacterized_protein_CJI97_001995_[XP_028891589.1]	gb|PSK42609.1|	14	20.455	220	133	5.3	hypothetical protein CJI96_004794 [[Candida] auris]
C._auris_uncharacterized_protein_CJI97_001995_[XP_028891589.1]	gb|PIS50602.1|	32	24.911	281	184	6.60e-05	hypothetical protein B9J08_004430 [[Candida] auris]
C._auris_uncharacterized_protein_CJI97_001995_[XP_028891589.1]	gb|PIS50602.1|	32	26.582	158	104	0.008	hypothetical protein B9J08_004430 [[Candida] auris]
C._auris_uncharacterized_protein_CJI97_001995_[XP_028891589.1]	gb|PIS50602.1|	32	23.980	196	129	0.039	hypothetical protein B9J08_004430 [[Candida] auris]
C._auris_uncharacterized_protein_CJI97_001995_[XP_028891589.1]	gb|KND98565.2|	32	24.911	281	184	6.60e-05	atp-dependent bile acid permease [[Candida] auris]
C._auris_uncharacterized_protein_CJI97_001995_[XP_028891589.1]	gb|KND98565.2|	32	26.582	158	104	0.008	atp-dependent bile acid permease [[Candida] auris]
C._auris_uncharacterized_protein_CJI97_001995_[XP_028891589.1]	gb|KND98565.2|	32	23.980	196	129	0.039	atp-dependent bile acid permease [[Candida] auris]
C._auris_uncharacterized_protein_CJI97_001995_[XP_028891589.1]	ref|XP_028891120.1|	14	26.047	215	137	6.63e-05	uncharacterized protein CJI97_003905 [[Candida] auris]
C._auris_uncharacterized_protein_CJI97_001995_[XP_028891589.1]	ref|XP_028891120.1|	14	20.455	220	133	5.5	uncharacterized protein CJI97_003905 [[Candida] auris]
C._auris_uncharacterized_protein_CJI97_001995_[XP_028891589.1]	gb|PIS52218.1|	14	26.047	215	137	6.63e-05	hypothetical protein B9J08_003832 [[Candida] auris]
C._auris_uncharacterized_protein_CJI97_001995_[XP_028891589.1]	gb|PIS52218.1|	14	20.455	220	133	5.5	hypothetical protein B9J08_003832 [[Candida] auris]
C._auris_uncharacterized_protein_CJI97_001995_[XP_028891589.1]	gb|KNE02088.2|	14	26.047	215	137	6.63e-05	hypothetical protein QG37_00768 [[Candida] auris]
C._auris_uncharacterized_protein_CJI97_001995_[XP_028891589.1]	gb|KNE02088.2|	14	20.455	220	133	5.5	hypothetical protein QG37_00768 [[Candida] auris]
C._auris_uncharacterized_protein_CJI97_001995_[XP_028891589.1]	ref|XP_029319606.1|	20	25.604	207	135	8.70e-05	uncharacterized protein C5L36_0A07310 [Pichia kudriavzevii]
C._auris_uncharacterized_protein_CJI97_001995_[XP_028891589.1]	ref|XP_029319606.1|	20	22.034	295	202	9.7	uncharacterized protein C5L36_0A07310 [Pichia kudriavzevii]
C._auris_uncharacterized_protein_CJI97_001995_[XP_028891589.1]	ref|XP_024712518.1|	14	28.054	221	129	1.14e-04	hypothetical protein C7M61_003883 [[Candida] pseudohaemulonis]
C._auris_uncharacterized_protein_CJI97_001995_[XP_028891589.1]	ref|XP_025344403.1|	30	25.751	233	148	1.15e-04	hypothetical protein CXQ85_003753 [[Candida] haemulonis]
C._auris_uncharacterized_protein_CJI97_001995_[XP_028891589.1]	ref|XP_025344403.1|	30	24.898	245	144	0.017	hypothetical protein CXQ85_003753 [[Candida] haemulonis]
C._auris_uncharacterized_protein_CJI97_001995_[XP_028891589.1]	ref|XP_025344403.1|	30	20.952	210	134	4.4	hypothetical protein CXQ85_003753 [[Candida] haemulonis]
C._auris_uncharacterized_protein_CJI97_001995_[XP_028891589.1]	ref|XP_028889340.1|	32	24.911	281	184	1.15e-04	uncharacterized protein CJI97_004494 [[Candida] auris]
C._auris_uncharacterized_protein_CJI97_001995_[XP_028891589.1]	ref|XP_028889340.1|	32	25.904	166	111	0.008	uncharacterized protein CJI97_004494 [[Candida] auris]
C._auris_uncharacterized_protein_CJI97_001995_[XP_028891589.1]	ref|XP_028889340.1|	32	23.980	196	129	0.038	uncharacterized protein CJI97_004494 [[Candida] auris]
C._auris_uncharacterized_protein_CJI97_001995_[XP_028891589.1]	gb|PSK45429.1|	32	24.911	281	184	1.22e-04	hypothetical protein CJI96_003458 [[Candida] auris]
C._auris_uncharacterized_protein_CJI97_001995_[XP_028891589.1]	gb|PSK45429.1|	32	25.904	166	111	0.008	hypothetical protein CJI96_003458 [[Candida] auris]
C._auris_uncharacterized_protein_CJI97_001995_[XP_028891589.1]	gb|PSK45429.1|	32	23.980	196	129	0.038	hypothetical protein CJI96_003458 [[Candida] auris]
C._auris_uncharacterized_protein_CJI97_001995_[XP_028891589.1]	gb|PSK79741.1|	32	24.911	281	184	1.25e-04	hypothetical protein CJJ07_000364 [[Candida] auris]
C._auris_uncharacterized_protein_CJI97_001995_[XP_028891589.1]	gb|PSK79741.1|	32	25.904	166	111	0.009	hypothetical protein CJJ07_000364 [[Candida] auris]
C._auris_uncharacterized_protein_CJI97_001995_[XP_028891589.1]	gb|PSK79741.1|	32	23.980	196	129	0.040	hypothetical protein CJJ07_000364 [[Candida] auris]
C._auris_uncharacterized_protein_CJI97_001995_[XP_028891589.1]	gb|KNE01046.2|	14	25.806	217	137	1.29e-04	hypothetical protein QG37_01920 [[Candida] auris]
C._auris_uncharacterized_protein_CJI97_001995_[XP_028891589.1]	gb|KNE01046.2|	14	27.536	207	120	0.009	hypothetical protein QG37_01920 [[Candida] auris]
C._auris_uncharacterized_protein_CJI97_001995_[XP_028891589.1]	ref|XP_028890630.1|	14	25.806	217	137	1.42e-04	uncharacterized protein CJI97_003398 [[Candida] auris]
C._auris_uncharacterized_protein_CJI97_001995_[XP_028891589.1]	ref|XP_028890630.1|	14	27.536	207	120	0.010	uncharacterized protein CJI97_003398 [[Candida] auris]
C._auris_uncharacterized_protein_CJI97_001995_[XP_028891589.1]	gb|PSK47098.1|	14	25.806	217	137	1.42e-04	hypothetical protein CJI96_002876 [[Candida] auris]
C._auris_uncharacterized_protein_CJI97_001995_[XP_028891589.1]	gb|PSK47098.1|	14	27.536	207	120	0.010	hypothetical protein CJI96_002876 [[Candida] auris]
C._auris_uncharacterized_protein_CJI97_001995_[XP_028891589.1]	gb|PIS51726.1|	14	25.806	217	137	1.42e-04	hypothetical protein B9J08_003323 [[Candida] auris]
C._auris_uncharacterized_protein_CJI97_001995_[XP_028891589.1]	gb|PIS51726.1|	14	27.536	207	120	0.010	hypothetical protein B9J08_003323 [[Candida] auris]
C._auris_uncharacterized_protein_CJI97_001995_[XP_028891589.1]	gb|PSK79183.1|	14	25.806	217	137	1.43e-04	hypothetical protein CJJ07_000883 [[Candida] auris]
C._auris_uncharacterized_protein_CJI97_001995_[XP_028891589.1]	gb|PSK79183.1|	14	27.536	207	120	0.010	hypothetical protein CJJ07_000883 [[Candida] auris]
C._auris_uncharacterized_protein_CJI97_001995_[XP_028891589.1]	ref|XP_024712320.1|	14	25.701	214	124	1.54e-04	hypothetical protein C7M61_004329 [[Candida] pseudohaemulonis]
C._auris_uncharacterized_protein_CJI97_001995_[XP_028891589.1]	ref|XP_024712320.1|	14	25.463	216	122	0.82	hypothetical protein C7M61_004329 [[Candida] pseudohaemulonis]
C._auris_uncharacterized_protein_CJI97_001995_[XP_028891589.1]	ref|XP_024713704.1|	34	28.313	166	107	1.71e-04	hypothetical protein C7M61_002942 [[Candida] pseudohaemulonis]
C._auris_uncharacterized_protein_CJI97_001995_[XP_028891589.1]	ref|XP_024713704.1|	34	24.828	290	192	4.47e-04	hypothetical protein C7M61_002942 [[Candida] pseudohaemulonis]
C._auris_uncharacterized_protein_CJI97_001995_[XP_028891589.1]	ref|XP_024713704.1|	34	24.464	233	148	0.002	hypothetical protein C7M61_002942 [[Candida] pseudohaemulonis]
C._auris_uncharacterized_protein_CJI97_001995_[XP_028891589.1]	ref|XP_029320843.1|	20	24.150	294	171	1.87e-04	uncharacterized protein C5L36_0B06130 [Pichia kudriavzevii]
C._auris_uncharacterized_protein_CJI97_001995_[XP_028891589.1]	ref|XP_025337827.1|	14	25.472	212	136	2.37e-04	uncharacterized protein CXQ87_004445 [[Candida] duobushaemulonis]
C._auris_uncharacterized_protein_CJI97_001995_[XP_028891589.1]	ref|XP_025337827.1|	14	22.749	211	125	7.4	uncharacterized protein CXQ87_004445 [[Candida] duobushaemulonis]
C._auris_uncharacterized_protein_CJI97_001995_[XP_028891589.1]	ref|XP_029321171.1|	15	26.339	224	144	2.43e-04	uncharacterized protein C5L36_0B09350 [Pichia kudriavzevii]
C._auris_uncharacterized_protein_CJI97_001995_[XP_028891589.1]	ref|XP_025339471.1|	34	27.711	166	108	2.67e-04	uncharacterized protein CXQ87_001462 [[Candida] duobushaemulonis]
C._auris_uncharacterized_protein_CJI97_001995_[XP_028891589.1]	ref|XP_025339471.1|	34	24.138	290	194	2.72e-04	uncharacterized protein CXQ87_001462 [[Candida] duobushaemulonis]
C._auris_uncharacterized_protein_CJI97_001995_[XP_028891589.1]	ref|XP_025339471.1|	34	23.305	236	147	0.002	uncharacterized protein CXQ87_001462 [[Candida] duobushaemulonis]
C._auris_uncharacterized_protein_CJI97_001995_[XP_028891589.1]	ref|XP_029319002.1|	15	24.400	250	130	2.76e-04	uncharacterized protein C5L36_0A01310 [Pichia kudriavzevii]
C._auris_uncharacterized_protein_CJI97_001995_[XP_028891589.1]	ref|XP_721319.2|	16	25.610	246	130	3.29e-04	ATP-binding cassette glutathione S-conjugate transporter [Candida albicans SC5314]
C._auris_uncharacterized_protein_CJI97_001995_[XP_028891589.1]	ref|XP_721319.2|	16	21.461	219	126	2.3	ATP-binding cassette glutathione S-conjugate transporter [Candida albicans SC5314]
C._auris_uncharacterized_protein_CJI97_001995_[XP_028891589.1]	ref|XP_003868934.1|	17	26.877	253	135	3.48e-04	Yor1 protein [Candida orthopsilosis Co 90-125]
C._auris_uncharacterized_protein_CJI97_001995_[XP_028891589.1]	ref|XP_025335662.1|	14	27.184	206	113	3.64e-04	uncharacterized protein CXQ87_002869 [[Candida] duobushaemulonis]
C._auris_uncharacterized_protein_CJI97_001995_[XP_028891589.1]	ref|XP_025335662.1|	14	25.749	167	101	0.015	uncharacterized protein CXQ87_002869 [[Candida] duobushaemulonis]
C._auris_uncharacterized_protein_CJI97_001995_[XP_028891589.1]	ref|XP_024712682.1|	14	24.766	214	141	4.39e-04	hypothetical protein C7M61_003673 [[Candida] pseudohaemulonis]
C._auris_uncharacterized_protein_CJI97_001995_[XP_028891589.1]	ref|XP_024712682.1|	14	24.286	210	123	1.3	hypothetical protein C7M61_003673 [[Candida] pseudohaemulonis]
C._auris_uncharacterized_protein_CJI97_001995_[XP_028891589.1]	gb|PIS58215.1|	24	25.381	197	116	4.44e-04	translation initiation factor RLI1 [[Candida] auris]
C._auris_uncharacterized_protein_CJI97_001995_[XP_028891589.1]	gb|PIS58215.1|	24	26.316	190	109	0.25	translation initiation factor RLI1 [[Candida] auris]
C._auris_uncharacterized_protein_CJI97_001995_[XP_028891589.1]	gb|KNE01471.2|	24	25.381	197	116	4.44e-04	hypothetical protein QG37_01547 [[Candida] auris]
C._auris_uncharacterized_protein_CJI97_001995_[XP_028891589.1]	gb|KNE01471.2|	24	26.316	190	109	0.25	hypothetical protein QG37_01547 [[Candida] auris]
C._auris_uncharacterized_protein_CJI97_001995_[XP_028891589.1]	ref|XP_028893087.1|	24	25.381	197	116	4.59e-04	translation initiation factor RLI1 [[Candida] auris]
C._auris_uncharacterized_protein_CJI97_001995_[XP_028891589.1]	ref|XP_028893087.1|	24	26.316	190	109	0.26	translation initiation factor RLI1 [[Candida] auris]
C._auris_uncharacterized_protein_CJI97_001995_[XP_028891589.1]	gb|PSK75684.1|	24	25.381	197	116	4.59e-04	translation initiation factor RLI1 [[Candida] auris]
C._auris_uncharacterized_protein_CJI97_001995_[XP_028891589.1]	gb|PSK75684.1|	24	26.316	190	109	0.26	translation initiation factor RLI1 [[Candida] auris]
C._auris_uncharacterized_protein_CJI97_001995_[XP_028891589.1]	gb|PSK51408.1|	24	25.381	197	116	4.59e-04	translation initiation factor RLI1 [[Candida] auris]
C._auris_uncharacterized_protein_CJI97_001995_[XP_028891589.1]	gb|PSK51408.1|	24	26.316	190	109	0.26	translation initiation factor RLI1 [[Candida] auris]
C._auris_uncharacterized_protein_CJI97_001995_[XP_028891589.1]	ref|XP_003871093.1|	15	24.490	245	146	6.25e-04	Ycf1 glutathione S-conjugate transporter [Candida orthopsilosis Co 90-125]
C._auris_uncharacterized_protein_CJI97_001995_[XP_028891589.1]	ref|XP_003871093.1|	15	23.913	184	114	2.5	Ycf1 glutathione S-conjugate transporter [Candida orthopsilosis Co 90-125]
C._auris_uncharacterized_protein_CJI97_001995_[XP_028891589.1]	ref|XP_003866502.1|	33	24.370	238	144	6.47e-04	hypothetical protein CORT_0A06780 [Candida orthopsilosis Co 90-125]
C._auris_uncharacterized_protein_CJI97_001995_[XP_028891589.1]	ref|XP_003866502.1|	33	21.429	252	169	0.017	hypothetical protein CORT_0A06780 [Candida orthopsilosis Co 90-125]
C._auris_uncharacterized_protein_CJI97_001995_[XP_028891589.1]	ref|XP_003866502.1|	33	25.794	252	150	0.037	hypothetical protein CORT_0A06780 [Candida orthopsilosis Co 90-125]
C._auris_uncharacterized_protein_CJI97_001995_[XP_028891589.1]	ref|XP_025341963.1|	30	25.116	215	128	6.57e-04	hypothetical protein CXQ85_004541 [[Candida] haemulonis]
C._auris_uncharacterized_protein_CJI97_001995_[XP_028891589.1]	ref|XP_025341963.1|	30	19.892	186	117	0.25	hypothetical protein CXQ85_004541 [[Candida] haemulonis]
C._auris_uncharacterized_protein_CJI97_001995_[XP_028891589.1]	ref|XP_025341963.1|	30	24.204	157	104	1.0	hypothetical protein CXQ85_004541 [[Candida] haemulonis]
C._auris_uncharacterized_protein_CJI97_001995_[XP_028891589.1]	ref|XP_025341963.1|	30	23.333	240	163	8.2	hypothetical protein CXQ85_004541 [[Candida] haemulonis]
C._auris_uncharacterized_protein_CJI97_001995_[XP_028891589.1]	ref|XP_025337468.1|	15	26.432	227	138	8.32e-04	uncharacterized protein CXQ87_004822 [[Candida] duobushaemulonis]
C._auris_uncharacterized_protein_CJI97_001995_[XP_028891589.1]	ref|XP_025339112.1|	14	28.019	207	119	0.001	uncharacterized protein CXQ87_001089 [[Candida] duobushaemulonis]
C._auris_uncharacterized_protein_CJI97_001995_[XP_028891589.1]	ref|XP_025337683.1|	27	24.873	197	117	0.001	translation initiation factor RLI1 [[Candida] duobushaemulonis]
C._auris_uncharacterized_protein_CJI97_001995_[XP_028891589.1]	ref|XP_025337683.1|	27	23.767	223	111	1.9	translation initiation factor RLI1 [[Candida] duobushaemulonis]
C._auris_uncharacterized_protein_CJI97_001995_[XP_028891589.1]	ref|XP_025337683.1|	27	26.425	193	105	2.0	translation initiation factor RLI1 [[Candida] duobushaemulonis]
C._auris_uncharacterized_protein_CJI97_001995_[XP_028891589.1]	ref|XP_025339576.1|	30	25.346	217	127	0.002	translation initiation factor RLI1 [[Candida] haemulonis]
C._auris_uncharacterized_protein_CJI97_001995_[XP_028891589.1]	ref|XP_025339576.1|	30	26.316	190	109	0.57	translation initiation factor RLI1 [[Candida] haemulonis]
C._auris_uncharacterized_protein_CJI97_001995_[XP_028891589.1]	ref|XP_025339576.1|	30	23.767	223	111	2.2	translation initiation factor RLI1 [[Candida] haemulonis]
C._auris_uncharacterized_protein_CJI97_001995_[XP_028891589.1]	ref|XP_025339576.1|	30	22.222	198	120	7.0	translation initiation factor RLI1 [[Candida] haemulonis]
C._auris_uncharacterized_protein_CJI97_001995_[XP_028891589.1]	ref|XP_024713108.1|	14	23.364	214	144	0.002	hypothetical protein C7M61_003279 [[Candida] pseudohaemulonis]
C._auris_uncharacterized_protein_CJI97_001995_[XP_028891589.1]	ref|XP_025340470.1|	15	29.630	216	119	0.002	hypothetical protein CXQ85_003376 [[Candida] haemulonis]
C._auris_uncharacterized_protein_CJI97_001995_[XP_028891589.1]	ref|XP_716222.2|	32	25.271	277	169	0.002	ATP-binding cassette bilirubin transporter [Candida albicans SC5314]
C._auris_uncharacterized_protein_CJI97_001995_[XP_028891589.1]	ref|XP_716222.2|	32	20.561	214	144	0.19	ATP-binding cassette bilirubin transporter [Candida albicans SC5314]
C._auris_uncharacterized_protein_CJI97_001995_[XP_028891589.1]	ref|XP_716222.2|	32	21.973	223	158	3.3	ATP-binding cassette bilirubin transporter [Candida albicans SC5314]
C._auris_uncharacterized_protein_CJI97_001995_[XP_028891589.1]	ref|XP_024713225.1|	32	26.609	233	138	0.003	hypothetical protein C7M61_003398 [[Candida] pseudohaemulonis]
C._auris_uncharacterized_protein_CJI97_001995_[XP_028891589.1]	ref|XP_024713225.1|	32	23.711	291	176	0.007	hypothetical protein C7M61_003398 [[Candida] pseudohaemulonis]
C._auris_uncharacterized_protein_CJI97_001995_[XP_028891589.1]	ref|XP_024713225.1|	32	23.762	202	118	0.13	hypothetical protein C7M61_003398 [[Candida] pseudohaemulonis]
C._auris_uncharacterized_protein_CJI97_001995_[XP_028891589.1]	ref|XP_029319528.1|	15	23.605	233	143	0.003	uncharacterized protein C5L36_0A06450 [Pichia kudriavzevii]
C._auris_uncharacterized_protein_CJI97_001995_[XP_028891589.1]	ref|XP_028891096.1|	14	24.215	223	138	0.005	uncharacterized protein CJI97_003880 [[Candida] auris]
C._auris_uncharacterized_protein_CJI97_001995_[XP_028891589.1]	gb|PSK77518.1|	14	24.215	223	138	0.005	hypothetical protein CJJ07_002618 [[Candida] auris]
C._auris_uncharacterized_protein_CJI97_001995_[XP_028891589.1]	gb|PIS52195.1|	14	24.215	223	138	0.005	hypothetical protein B9J08_003808 [[Candida] auris]
C._auris_uncharacterized_protein_CJI97_001995_[XP_028891589.1]	gb|KNE02123.2|	14	24.215	223	138	0.005	hypothetical protein QG37_00807 [[Candida] auris]
C._auris_uncharacterized_protein_CJI97_001995_[XP_028891589.1]	gb|PSK43325.1|	14	24.215	223	138	0.005	hypothetical protein CJI96_004525 [[Candida] auris]
C._auris_uncharacterized_protein_CJI97_001995_[XP_028891589.1]	ref|XP_024714292.1|	27	24.873	197	117	0.005	translation initiation factor RLI1 [[Candida] pseudohaemulonis]
C._auris_uncharacterized_protein_CJI97_001995_[XP_028891589.1]	ref|XP_024714292.1|	27	26.630	184	100	0.64	translation initiation factor RLI1 [[Candida] pseudohaemulonis]
C._auris_uncharacterized_protein_CJI97_001995_[XP_028891589.1]	ref|XP_024714292.1|	27	24.215	223	110	0.89	translation initiation factor RLI1 [[Candida] pseudohaemulonis]
C._auris_uncharacterized_protein_CJI97_001995_[XP_028891589.1]	ref|XP_025344453.1|	27	22.892	249	150	0.006	hypothetical protein CXQ85_003803 [[Candida] haemulonis]
C._auris_uncharacterized_protein_CJI97_001995_[XP_028891589.1]	ref|XP_025344453.1|	27	22.553	235	135	0.089	hypothetical protein CXQ85_003803 [[Candida] haemulonis]
C._auris_uncharacterized_protein_CJI97_001995_[XP_028891589.1]	ref|XP_025344453.1|	27	24.837	153	83	6.0	hypothetical protein CXQ85_003803 [[Candida] haemulonis]
C._auris_uncharacterized_protein_CJI97_001995_[XP_028891589.1]	ref|XP_024713502.1|	14	24.537	216	141	0.010	hypothetical protein C7M61_002732 [[Candida] pseudohaemulonis]
C._auris_uncharacterized_protein_CJI97_001995_[XP_028891589.1]	ref|XP_024713502.1|	14	24.171	211	122	2.1	hypothetical protein C7M61_002732 [[Candida] pseudohaemulonis]
C._auris_uncharacterized_protein_CJI97_001995_[XP_028891589.1]	gb|PSK75819.1|	17	23.247	271	173	0.011	hypothetical protein CJJ07_004386 [[Candida] auris]
C._auris_uncharacterized_protein_CJI97_001995_[XP_028891589.1]	ref|XP_003868962.1|	15	23.214	224	142	0.011	hypothetical protein CORT_0C06860 [Candida orthopsilosis Co 90-125]
C._auris_uncharacterized_protein_CJI97_001995_[XP_028891589.1]	ref|XP_003868962.1|	15	26.291	213	129	0.022	hypothetical protein CORT_0C06860 [Candida orthopsilosis Co 90-125]
C._auris_uncharacterized_protein_CJI97_001995_[XP_028891589.1]	ref|XP_025339267.1|	14	24.537	216	141	0.011	uncharacterized protein CXQ87_001250 [[Candida] duobushaemulonis]
C._auris_uncharacterized_protein_CJI97_001995_[XP_028891589.1]	ref|XP_025339267.1|	14	24.171	211	122	1.2	uncharacterized protein CXQ87_001250 [[Candida] duobushaemulonis]
C._auris_uncharacterized_protein_CJI97_001995_[XP_028891589.1]	gb|KND97581.2|	17	23.247	271	173	0.013	hypothetical protein QG37_05977 [[Candida] auris]
C._auris_uncharacterized_protein_CJI97_001995_[XP_028891589.1]	gb|PIS54612.1|	17	23.247	271	173	0.014	hypothetical protein B9J08_002389 [[Candida] auris]
C._auris_uncharacterized_protein_CJI97_001995_[XP_028891589.1]	ref|XP_003866501.1|	35	21.452	303	196	0.017	Mlt1 vacuolar membrane transporter [Candida orthopsilosis Co 90-125]
C._auris_uncharacterized_protein_CJI97_001995_[XP_028891589.1]	ref|XP_003866501.1|	35	21.633	245	144	0.12	Mlt1 vacuolar membrane transporter [Candida orthopsilosis Co 90-125]
C._auris_uncharacterized_protein_CJI97_001995_[XP_028891589.1]	gb|PSK47892.1|	17	23.247	271	173	0.020	hypothetical protein CJI96_002443 [[Candida] auris]
C._auris_uncharacterized_protein_CJI97_001995_[XP_028891589.1]	ref|XP_028891529.1|	17	23.247	271	173	0.022	uncharacterized protein CJI97_001933 [[Candida] auris]
C._auris_uncharacterized_protein_CJI97_001995_[XP_028891589.1]	ref|XP_029321307.1|	23	24.294	177	114	0.025	uncharacterized protein C5L36_0B10660 [Pichia kudriavzevii]
C._auris_uncharacterized_protein_CJI97_001995_[XP_028891589.1]	ref|XP_029321307.1|	23	25.714	175	96	0.56	uncharacterized protein C5L36_0B10660 [Pichia kudriavzevii]
C._auris_uncharacterized_protein_CJI97_001995_[XP_028891589.1]	ref|XP_029321307.1|	23	25.904	166	100	1.1	uncharacterized protein C5L36_0B10660 [Pichia kudriavzevii]
C._auris_uncharacterized_protein_CJI97_001995_[XP_028891589.1]	ref|XP_024715048.1|	26	26.154	195	129	0.051	hypothetical protein C7M61_001769 [[Candida] pseudohaemulonis]
C._auris_uncharacterized_protein_CJI97_001995_[XP_028891589.1]	ref|XP_024715048.1|	26	27.439	164	96	0.32	hypothetical protein C7M61_001769 [[Candida] pseudohaemulonis]
C._auris_uncharacterized_protein_CJI97_001995_[XP_028891589.1]	ref|XP_024715048.1|	26	21.637	171	102	0.82	hypothetical protein C7M61_001769 [[Candida] pseudohaemulonis]
C._auris_uncharacterized_protein_CJI97_001995_[XP_028891589.1]	ref|XP_003869530.1|	14	23.585	212	122	0.052	hypothetical protein CORT_0D05560 [Candida orthopsilosis Co 90-125]
C._auris_uncharacterized_protein_CJI97_001995_[XP_028891589.1]	ref|XP_003869530.1|	14	24.017	229	132	0.20	hypothetical protein CORT_0D05560 [Candida orthopsilosis Co 90-125]
C._auris_uncharacterized_protein_CJI97_001995_[XP_028891589.1]	ref|XP_025334519.1|	21	28.571	161	80	0.070	ABC transporter ATP-binding protein ARB1 [[Candida] duobushaemulonis]
C._auris_uncharacterized_protein_CJI97_001995_[XP_028891589.1]	ref|XP_025334519.1|	21	28.931	159	96	0.81	ABC transporter ATP-binding protein ARB1 [[Candida] duobushaemulonis]
C._auris_uncharacterized_protein_CJI97_001995_[XP_028891589.1]	ref|XP_024715318.1|	14	27.700	213	123	0.076	hypothetical protein C7M61_000267 [[Candida] pseudohaemulonis]
C._auris_uncharacterized_protein_CJI97_001995_[XP_028891589.1]	gb|PSK41897.1|	12	26.667	180	97	0.088	ABC transporter ATP-binding protein ARB1 [[Candida] auris]
C._auris_uncharacterized_protein_CJI97_001995_[XP_028891589.1]	ref|XP_028889051.1|	12	26.667	180	97	0.097	ABC transporter ATP-binding protein ARB1 [[Candida] auris]
C._auris_uncharacterized_protein_CJI97_001995_[XP_028891589.1]	gb|PIS50314.1|	12	26.667	180	97	0.097	ABC transporter ATP-binding protein ARB1 [[Candida] auris]
C._auris_uncharacterized_protein_CJI97_001995_[XP_028891589.1]	gb|KND99005.1|	12	26.667	180	97	0.097	atp-binding cassette sub-family f member 2 [[Candida] auris]
C._auris_uncharacterized_protein_CJI97_001995_[XP_028891589.1]	gb|PSK75057.1|	12	26.667	180	97	0.14	ABC transporter ATP-binding protein ARB1 [[Candida] auris]
C._auris_uncharacterized_protein_CJI97_001995_[XP_028891589.1]	ref|XP_025341950.1|	21	29.114	158	97	0.16	ABC transporter ATP-binding protein ARB1 [[Candida] haemulonis]
C._auris_uncharacterized_protein_CJI97_001995_[XP_028891589.1]	ref|XP_025341950.1|	21	27.950	161	81	0.64	ABC transporter ATP-binding protein ARB1 [[Candida] haemulonis]
C._auris_uncharacterized_protein_CJI97_001995_[XP_028891589.1]	ref|XP_028888521.1|	5	27.273	77	51	0.25	uncharacterized protein CJI97_005535 [[Candida] auris]
C._auris_uncharacterized_protein_CJI97_001995_[XP_028891589.1]	gb|PIS48749.1|	5	27.273	77	51	0.25	hypothetical protein B9J08_005452 [[Candida] auris]
C._auris_uncharacterized_protein_CJI97_001995_[XP_028891589.1]	gb|KND96877.2|	5	27.273	77	51	0.25	hypothetical protein QG37_06747 [[Candida] auris]
C._auris_uncharacterized_protein_CJI97_001995_[XP_028891589.1]	gb|PSK47947.1|	5	27.273	77	51	0.25	hypothetical protein CJI96_002395 [[Candida] auris]
C._auris_uncharacterized_protein_CJI97_001995_[XP_028891589.1]	gb|PSK77171.1|	5	27.273	77	51	0.26	hypothetical protein CJJ07_002967 [[Candida] auris]
C._auris_uncharacterized_protein_CJI97_001995_[XP_028891589.1]	ref|XP_024712657.1|	19	25.616	203	132	0.29	hypothetical protein C7M61_003646 [[Candida] pseudohaemulonis]
C._auris_uncharacterized_protein_CJI97_001995_[XP_028891589.1]	ref|XP_024712657.1|	19	26.582	79	50	9.7	hypothetical protein C7M61_003646 [[Candida] pseudohaemulonis]
C._auris_uncharacterized_protein_CJI97_001995_[XP_028891589.1]	ref|XP_025343490.1|	14	26.066	211	136	0.42	hypothetical protein CXQ85_005121 [[Candida] haemulonis]
C._auris_uncharacterized_protein_CJI97_001995_[XP_028891589.1]	gb|PSK42814.1|	8	24.503	151	75	0.52	ATP-dependent protease La [[Candida] auris]
C._auris_uncharacterized_protein_CJI97_001995_[XP_028891589.1]	ref|XP_025337801.1|	19	25.616	203	132	0.53	uncharacterized protein CXQ87_004417 [[Candida] duobushaemulonis]
C._auris_uncharacterized_protein_CJI97_001995_[XP_028891589.1]	ref|XP_025337801.1|	19	26.582	79	50	8.0	uncharacterized protein CXQ87_004417 [[Candida] duobushaemulonis]
C._auris_uncharacterized_protein_CJI97_001995_[XP_028891589.1]	gb|PIS48773.1|	8	24.503	151	75	0.56	ATP-dependent protease La [[Candida] auris]
C._auris_uncharacterized_protein_CJI97_001995_[XP_028891589.1]	gb|KND96905.2|	8	24.503	151	75	0.56	lon protease mitochondrial [[Candida] auris]
C._auris_uncharacterized_protein_CJI97_001995_[XP_028891589.1]	gb|PSK77195.1|	8	24.503	151	75	0.58	ATP-dependent protease La [[Candida] auris]
C._auris_uncharacterized_protein_CJI97_001995_[XP_028891589.1]	ref|XP_028888545.1|	8	24.503	151	75	0.58	ATP-dependent protease La [[Candida] auris]
C._auris_uncharacterized_protein_CJI97_001995_[XP_028891589.1]	ref|XP_003865882.1|	6	27.368	95	66	0.62	Pxa1 transporter [Candida orthopsilosis Co 90-125]
C._auris_uncharacterized_protein_CJI97_001995_[XP_028891589.1]	ref|XP_024713099.1|	21	27.950	161	81	0.65	ABC transporter ATP-binding protein ARB1 [[Candida] pseudohaemulonis]
C._auris_uncharacterized_protein_CJI97_001995_[XP_028891589.1]	ref|XP_024713099.1|	21	28.931	159	96	1.3	ABC transporter ATP-binding protein ARB1 [[Candida] pseudohaemulonis]
C._auris_uncharacterized_protein_CJI97_001995_[XP_028891589.1]	ref|XP_003869546.1|	16	23.016	252	154	0.69	ABC transporter [Candida orthopsilosis Co 90-125]
C._auris_uncharacterized_protein_CJI97_001995_[XP_028891589.1]	ref|XP_003869546.1|	16	21.121	232	160	1.4	ABC transporter [Candida orthopsilosis Co 90-125]
C._auris_uncharacterized_protein_CJI97_001995_[XP_028891589.1]	ref|XP_025334510.1|	14	22.749	211	127	0.84	uncharacterized protein CXQ87_001676 [[Candida] duobushaemulonis]
C._auris_uncharacterized_protein_CJI97_001995_[XP_028891589.1]	ref|XP_029319341.1|	14	40.351	57	26	0.84	uncharacterized protein C5L36_0A04620 [Pichia kudriavzevii]
C._auris_uncharacterized_protein_CJI97_001995_[XP_028891589.1]	ref|XP_029319341.1|	14	25.490	153	105	7.4	uncharacterized protein C5L36_0A04620 [Pichia kudriavzevii]
C._auris_uncharacterized_protein_CJI97_001995_[XP_028891589.1]	ref|XP_029323630.1|	14	19.469	226	153	1.1	uncharacterized protein C5L36_0E02170 [Pichia kudriavzevii]
C._auris_uncharacterized_protein_CJI97_001995_[XP_028891589.1]	ref|XP_029319524.1|	3	43.182	44	22	1.2	uncharacterized protein C5L36_0A06410 [Pichia kudriavzevii]
C._auris_uncharacterized_protein_CJI97_001995_[XP_028891589.1]	ref|XP_024714563.1|	5	27.160	81	52	1.4	hypothetical protein C7M61_002038 [[Candida] pseudohaemulonis]
C._auris_uncharacterized_protein_CJI97_001995_[XP_028891589.1]	ref|XP_716101.1|	3	36.364	44	28	1.4	ATP-binding cassette alpha-factor transporter [Candida albicans SC5314]
C._auris_uncharacterized_protein_CJI97_001995_[XP_028891589.1]	ref|XP_717637.1|	15	23.629	237	149	1.7	Mlt1p [Candida albicans SC5314]
C._auris_uncharacterized_protein_CJI97_001995_[XP_028891589.1]	ref|XP_717637.1|	15	23.243	185	134	2.2	Mlt1p [Candida albicans SC5314]
C._auris_uncharacterized_protein_CJI97_001995_[XP_028891589.1]	ref|XP_025337259.1|	8	22.500	120	82	2.2	uncharacterized protein CXQ87_004192 [[Candida] duobushaemulonis]
C._auris_uncharacterized_protein_CJI97_001995_[XP_028891589.1]	ref|XP_003866476.1|	27	24.339	189	123	2.3	Caf16 protein [Candida orthopsilosis Co 90-125]
C._auris_uncharacterized_protein_CJI97_001995_[XP_028891589.1]	ref|XP_003866476.1|	27	21.198	217	143	7.0	Caf16 protein [Candida orthopsilosis Co 90-125]
C._auris_uncharacterized_protein_CJI97_001995_[XP_028891589.1]	ref|XP_029320297.1|	2	45.714	35	19	3.1	uncharacterized protein C5L36_0B00870 [Pichia kudriavzevii]
C._auris_uncharacterized_protein_CJI97_001995_[XP_028891589.1]	ref|XP_722231.1|	12	21.762	193	124	3.4	Modfp [Candida albicans SC5314]
C._auris_uncharacterized_protein_CJI97_001995_[XP_028891589.1]	ref|XP_711356.2|	13	22.051	195	116	4.0	translation elongation factor EF-3 [Candida albicans SC5314]
C._auris_uncharacterized_protein_CJI97_001995_[XP_028891589.1]	ref|XP_003868963.1|	11	27.950	161	81	4.0	Kre30 protein [Candida orthopsilosis Co 90-125]
C._auris_uncharacterized_protein_CJI97_001995_[XP_028891589.1]	ref|XP_024715031.1|	6	24.211	95	69	4.6	hypothetical protein C7M61_001752 [[Candida] pseudohaemulonis]
C._auris_uncharacterized_protein_CJI97_001995_[XP_028891589.1]	ref|XP_028892443.1|	6	24.211	95	69	5.0	uncharacterized protein CJI97_000039 [[Candida] auris]
C._auris_uncharacterized_protein_CJI97_001995_[XP_028891589.1]	gb|PSK77007.1|	6	24.211	95	69	5.0	hypothetical protein CJJ07_003193 [[Candida] auris]
C._auris_uncharacterized_protein_CJI97_001995_[XP_028891589.1]	gb|PSK52307.1|	6	24.211	95	69	5.0	hypothetical protein CJI96_000394 [[Candida] auris]
C._auris_uncharacterized_protein_CJI97_001995_[XP_028891589.1]	gb|PIS58586.1|	6	24.211	95	69	5.0	hypothetical protein B9J08_000032 [[Candida] auris]
C._auris_uncharacterized_protein_CJI97_001995_[XP_028891589.1]	gb|KND97359.2|	6	24.211	95	69	5.0	hypothetical protein QG37_05737 [[Candida] auris]
C._auris_uncharacterized_protein_CJI97_001995_[XP_028891589.1]	ref|XP_025342024.1|	6	24.211	95	69	5.8	hypothetical protein CXQ85_000049 [[Candida] haemulonis]
C._auris_uncharacterized_protein_CJI97_001995_[XP_028891589.1]	ref|XP_028889928.1|	3	39.024	41	22	5.9	uncharacterized protein CJI97_002669 [[Candida] auris]
C._auris_uncharacterized_protein_CJI97_001995_[XP_028891589.1]	gb|PSK48778.1|	3	39.024	41	22	6.1	hypothetical protein CJI96_002057 [[Candida] auris]
C._auris_uncharacterized_protein_CJI97_001995_[XP_028891589.1]	gb|PIS51045.1|	3	39.024	41	22	6.1	hypothetical protein B9J08_002615 [[Candida] auris]
C._auris_uncharacterized_protein_CJI97_001995_[XP_028891589.1]	gb|KND96494.2|	3	39.024	41	22	6.2	hypothetical protein QG37_07231 [[Candida] auris]
C._auris_uncharacterized_protein_CJI97_001995_[XP_028891589.1]	ref|XP_025335646.1|	6	24.211	95	69	6.2	uncharacterized protein CXQ87_002853 [[Candida] duobushaemulonis]
C._auris_uncharacterized_protein_CJI97_001995_[XP_028891589.1]	gb|PSK76242.1|	3	39.024	41	22	6.2	hypothetical protein CJJ07_003968 [[Candida] auris]
C._auris_uncharacterized_protein_CJI97_001995_[XP_028891589.1]	ref|XP_003870854.1|	5	25.352	71	48	6.5	Modf protein [Candida orthopsilosis Co 90-125]
C._auris_uncharacterized_protein_CJI97_001995_[XP_028891589.1]	ref|XP_723525.1|	6	25.926	81	49	7.0	GET complex subunit [Candida albicans SC5314]
C._auris_uncharacterized_protein_CJI97_001995_[XP_028891589.1]	ref|XP_025341147.1|	3	39.024	41	22	7.5	hypothetical protein CXQ85_001990 [[Candida] haemulonis]
C._auris_uncharacterized_protein_CJI97_001995_[XP_028891589.1]	gb|PIS51578.1|	12	24.757	206	119	7.9	protein GCN20 [[Candida] auris]
C._auris_uncharacterized_protein_CJI97_001995_[XP_028891589.1]	gb|KNE01266.2|	12	24.757	206	119	7.9	hypothetical protein QG37_02158 [[Candida] auris]
C._auris_uncharacterized_protein_CJI97_001995_[XP_028891589.1]	gb|PSK78849.1|	12	24.757	206	119	8.9	protein GCN20 [[Candida] auris]
C._auris_uncharacterized_protein_CJI97_001995_[XP_028891589.1]	ref|XP_028890479.1|	12	24.757	206	119	9.7	protein GCN20 [[Candida] auris]
C._auris_uncharacterized_protein_CJI97_001995_[XP_028891589.1]	ref|XP_025340888.1|	14	23.810	210	133	10.0	hypothetical protein CXQ85_001725 [[Candida] haemulonis]
# BLAST processed 1 queries
